<?xml version="1.0" encoding="UTF-8"?>
<!-- Generated by org.testng.reporters.JUnitXMLReporter -->
<testsuite ignored="17" hostname="DESKTOP-FLAG05I" failures="0" tests="1" name="Default test(failed)" time="9.328" errors="0" timestamp="2024-11-06T00:53:53 EST">
  <testcase classname="tests.RegisterTest" name="verifyRegisteringAccountUsingNonMandatoryFields_Test" time="2.764"/>
  <testcase classname="tests.RegisterTest" name="verifyUserCannotUseInvalidPhoneNumberForRegistration_Test" time="0.0">
    <ignored/>
  </testcase> <!-- verifyUserCannotUseInvalidPhoneNumberForRegistration_Test -->
  <testcase classname="tests.RegisterTest" name="verifyPasswordAndConfirmPasswordAreHidden" time="0.0">
    <ignored/>
  </testcase> <!-- verifyPasswordAndConfirmPasswordAreHidden -->
  <testcase classname="tests.RegisterTest" name="verifyRegisteringAccountWithoutAnyDetails_Test" time="0.0">
    <ignored/>
  </testcase> <!-- verifyRegisteringAccountWithoutAnyDetails_Test -->
  <testcase classname="tests.RegisterTest" name="verifyRegisteringAccountWithNoSelectedForNewsletter_Test" time="0.0">
    <ignored/>
  </testcase> <!-- verifyRegisteringAccountWithNoSelectedForNewsletter_Test -->
  <testcase classname="tests.RegisterTest" name="verifyPasswordFieldFollowsComplexityStandards" time="0.0">
    <ignored/>
  </testcase> <!-- verifyPasswordFieldFollowsComplexityStandards -->
  <testcase classname="tests.RegisterTest" name="verifyRegisteringWithExistingDetails_Test" time="0.0">
    <ignored/>
  </testcase> <!-- verifyRegisteringWithExistingDetails_Test -->
  <testcase classname="tests.RegisterTest" name="verifyRegisteringAccountUsingMandatoryFields_Test" time="0.0">
    <ignored/>
  </testcase> <!-- verifyRegisteringAccountUsingMandatoryFields_Test -->
  <testcase classname="tests.RegisterTest" name="verifyAsterickSymbolForMandatoryFields_Test" time="0.0">
    <ignored/>
  </testcase> <!-- verifyAsterickSymbolForMandatoryFields_Test -->
  <testcase classname="tests.RegisterTest" name="verifyRegisteringAccountWithYesSelectedForNewsletter_Test" time="0.0">
    <ignored/>
  </testcase> <!-- verifyRegisteringAccountWithYesSelectedForNewsletter_Test -->
  <testcase classname="tests.RegisterTest" name="verifyRegistrationWithoutSelectingPrivacyPolicy" time="0.0">
    <ignored/>
  </testcase> <!-- verifyRegistrationWithoutSelectingPrivacyPolicy -->
  <testcase classname="tests.RegisterTest" name="verifyRegisterPagePlaceholders_Test" time="0.0">
    <ignored/>
  </testcase> <!-- verifyRegisterPagePlaceholders_Test -->
  <testcase classname="tests.RegisterTest" name="verifyRegistrationWithoutConfirmPasswordInput_Test" time="0.0">
    <ignored/>
  </testcase> <!-- verifyRegistrationWithoutConfirmPasswordInput_Test -->
  <testcase classname="tests.RegisterTest" name="verifyConfirmationEmailSentForSuccessfulRegistration" time="0.0">
    <ignored/>
  </testcase> <!-- verifyConfirmationEmailSentForSuccessfulRegistration -->
  <testcase classname="tests.RegisterTest" name="verifyDiffWaysNavigatingToRegisterAccount_Test" time="0.0">
    <ignored/>
  </testcase> <!-- verifyDiffWaysNavigatingToRegisterAccount_Test -->
  <testcase classname="tests.RegisterTest" name="verifyInvalidEmailTooltipMsgs_Test" time="0.0">
    <ignored/>
  </testcase> <!-- verifyInvalidEmailTooltipMsgs_Test -->
  <testcase classname="tests.RegisterTest" name="verifyRegisteringWithDifferentPassAndConfirmPass_Test" time="0.0">
    <ignored/>
  </testcase> <!-- verifyRegisteringWithDifferentPassAndConfirmPass_Test -->
  <testcase classname="tests.RegisterTest" name="verifyPrivacyPolicyCheckboxNotCheckedByDefault" time="0.0">
    <ignored/>
  </testcase> <!-- verifyPrivacyPolicyCheckboxNotCheckedByDefault -->
</testsuite> <!-- Default test(failed) -->
