<?xml version="1.0" encoding="UTF-8"?>
<!-- Generated by org.testng.reporters.JUnitXMLReporter -->
<testsuite ignored="2" hostname="DESKTOP-FLAG05I" failures="0" tests="16" name="Test" time="116.484" errors="0" timestamp="2024-11-04T16:31:59 EST">
  <testcase classname="tests.LoginTest" name="verifyLoginToApplicationUsingvalidCredentials" time="2.295"/>
  <testcase classname="tests.LoginTest" name="verifyLoginToApplicationUsingvalidCredentials" time="1.604"/>
  <testcase classname="tests.LoginTest" name="verifyLoginToApplicationUsingvalidCredentials" time="2.2"/>
  <testcase classname="tests.LoginTest" name="verifyLoginToApplicationUsingvalidCredentials" time="1.52"/>
  <testcase classname="tests.LoginTest" name="verifyLoginToApplicationUsingInvalidCredentials" time="0.979"/>
  <testcase classname="tests.LoginTest" name="verifyLoginToApplicationUsingInvalidCredentials" time="0.964"/>
  <testcase classname="tests.LoginTest" name="verifyLoginToApplicationUsingInvalidCredentials" time="1.199"/>
  <testcase classname="tests.LoginTest" name="verifyLoginToApplicationUsingInvalidCredentials" time="0.972"/>
  <testcase classname="tests.LoginTest" name="verifyForgotPasswordLink" time="0.617"/>
  <testcase classname="tests.LoginTest" name="verifyPlaceholdersOnLoginPage" time="0.059"/>
  <testcase classname="tests.LoginTest" name="verifyMaxLoginAttempts" time="4.952"/>
  <testcase classname="tests.LoginTest" name="verifyPasswordFieldToggleToHide" time="0.274"/>
  <testcase classname="tests.LoginTest" name="verifyPasswordCannotCopied" time="0.482"/>
  <testcase classname="tests.LoginTest" name="verifyPasswordNotVisibleInPageSource" time="0.319"/>
  <testcase classname="tests.LoginTest" name="verifyLoggingAfterchangingPassword" time="12.497"/>
  <testcase classname="tests.RegisterTest" name="verifyRegisterAccountUsingMandatoryFields" time="0.001">
    <skipped/>
  </testcase> <!-- verifyRegisterAccountUsingMandatoryFields -->
  <testcase classname="tests.LoginTest" name="verifyNavigatingBackAfterLogout" time="0.0">
    <ignored/>
  </testcase> <!-- verifyNavigatingBackAfterLogout -->
  <testcase classname="tests.LoginTest" name="verifyNavigatingBackAfterSuccessfullLogin" time="0.0">
    <ignored/>
  </testcase> <!-- verifyNavigatingBackAfterSuccessfullLogin -->
</testsuite> <!-- Test -->
