<?xml version="1.0" encoding="UTF-8"?>
<!-- Generated by org.testng.reporters.JUnitXMLReporter -->
<testsuite ignored="2" hostname="DESKTOP-FLAG05I" failures="2" tests="30" name="Test" time="201.741" errors="0" timestamp="2024-10-29T21:00:06 EDT">
  <testcase classname="tests.LoginTest" name="verifyLoginToApplicationUsingvalidCredentials" time="2.274"/>
  <testcase classname="tests.LoginTest" name="verifyLoginToApplicationUsingInvalidCredentials" time="1.671"/>
  <testcase classname="tests.LoginTest" name="verifyLoginToApplicationUsingInvalidEmailValidPass" time="1.659"/>
  <testcase classname="tests.LoginTest" name="verifyLoginToApplicationUsingValidEmailInvalidPass" time="1.774"/>
  <testcase classname="tests.LoginTest" name="verifyLoginToApplicationUsingNoCredentilals" time="1.734"/>
  <testcase classname="tests.LoginTest" name="verifyForgotPasswordLink" time="1.292"/>
  <testcase classname="tests.LoginTest" name="verifyPlaceholdersOnLoginPage" time="0.796"/>
  <testcase classname="tests.LoginTest" name="verifyLoginUsingInvalidCredentials" time="1.5"/>
  <testcase classname="tests.LoginTest" name="verifyMaxLoginAttempts" time="4.934"/>
  <testcase classname="tests.LoginTest" name="verifyPasswordFieldToggleToHide" time="0.956"/>
  <testcase classname="tests.LoginTest" name="verifyPasswordCannotCopied" time="1.119"/>
  <testcase classname="tests.LoginTest" name="verifyPasswordNotVisibleInPageSource" time="0.969"/>
  <testcase classname="tests.RegisterTest" name="verifyRegisterAccountUsingMandatoryFields" time="3.346"/>
  <testcase classname="tests.RegisterTest" name="verifyRegisterAccountUsingAllFields" time="3.386"/>
  <testcase classname="tests.RegisterTest" name="verifyRegisterAccountWithoutanyDetails" time="2.428"/>
  <testcase classname="tests.RegisterTest" name="verifyRegisterAccountYesSelectedForNewsletter" time="3.345"/>
  <testcase classname="tests.RegisterTest" name="verifyRegisterAccountNoSelectedForNewsletter" time="3.302"/>
  <testcase classname="tests.RegisterTest" name="verifyDiffWayNavigatingToRegisterAccount" time="2.78"/>
  <testcase classname="tests.RegisterTest" name="verifyRegisteringWithDifferentPassAndConfirmPass" time="2.955"/>
  <testcase classname="tests.RegisterTest" name="verifyRegisteringWithExistingDetails" time="3.189"/>
  <testcase classname="tests.RegisterTest" name="verifyInvalidEmailTooltipMsg" time="5.344"/>
  <testcase classname="tests.RegisterTest" name="verifyUserCannotuseInvalidPhoneNumber" time="3.275">
    <failure type="java.lang.AssertionError" message="did not expect [Your Account Has Been Created!] but found [Your Account Has Been Created!]">
      <![CDATA[java.lang.AssertionError: did not expect [Your Account Has Been Created!] but found [Your Account Has Been Created!]
at tests.RegisterTest.verifyUserCannotuseInvalidPhoneNumber(RegisterTest.java:116)
at java.base/java.util.ArrayList.forEach(ArrayList.java:1596)
... Removed 30 stack frames]]>
    </failure>
  </testcase> <!-- verifyUserCannotuseInvalidPhoneNumber -->
  <testcase classname="tests.RegisterTest" name="verifyThePlaceholders" time="1.19"/>
  <testcase classname="tests.RegisterTest" name="verifyAsterickSymbolForMandatoryFields" time="1.275"/>
  <testcase classname="tests.RegisterTest" name="verifyPassWordFieldFollowComplexityStandards" time="3.585">
    <failure type="java.lang.AssertionError" message="did not expect [Your Account Has Been Created!] but found [Your Account Has Been Created!]">
      <![CDATA[java.lang.AssertionError: did not expect [Your Account Has Been Created!] but found [Your Account Has Been Created!]
at tests.RegisterTest.verifyPassWordFieldFollowComplexityStandards(RegisterTest.java:183)
at java.base/java.util.ArrayList.forEach(ArrayList.java:1596)
... Removed 30 stack frames]]>
    </failure>
  </testcase> <!-- verifyPassWordFieldFollowComplexityStandards -->
  <testcase classname="tests.RegisterTest" name="verifyCheckboxNotCheckedByDefault" time="1.058"/>
  <testcase classname="tests.RegisterTest" name="verifyRegisteringWithNotSelectingPrivacyPolicy" time="2.812"/>
  <testcase classname="tests.RegisterTest" name="verifyPasswordAndConfirmPasswordToggledToHide" time="1.418"/>
  <testcase classname="tests.RegisterTest" name="verifyRegisteringWithNotEnteringPassConfirm" time="2.962"/>
  <testcase classname="tests.RegisterTest" name="verifyConfirmationEmailSendForSuccessfullRegistration" time="4.203"/>
  <testcase classname="tests.LoginTest" name="verifyNavigatingBackAfterSuccessfullLogin" time="0.0">
    <ignored/>
  </testcase> <!-- verifyNavigatingBackAfterSuccessfullLogin -->
  <testcase classname="tests.LoginTest" name="verifyNavigatingBackAfterLogout" time="0.0">
    <ignored/>
  </testcase> <!-- verifyNavigatingBackAfterLogout -->
</testsuite> <!-- Test -->
