<?xml version="1.0" encoding="UTF-8"?>
<!-- Generated by org.testng.reporters.JUnitXMLReporter -->
<testsuite ignored="0" hostname="DESKTOP-FLAG05I" failures="0" tests="9" name="Test" time="80.101" errors="0" timestamp="2024-10-28T13:43:06 EDT">
  <testcase classname="tests.RegisterTest" name="verifyRegisterAccountUsingMandatoryFields" time="3.48"/>
  <testcase classname="tests.RegisterTest" name="verifyRegisterAccountUsingAllFields" time="4.073"/>
  <testcase classname="tests.RegisterTest" name="verifyRegisterAccountWithoutanyDetails" time="2.588"/>
  <testcase classname="tests.RegisterTest" name="verifyRegisterAccountYesSelectedForNewsletter" time="4.404"/>
  <testcase classname="tests.RegisterTest" name="verifyRegisterAccountNoSelectedForNewsletter" time="4.071"/>
  <testcase classname="tests.RegisterTest" name="verifyDiffWayNavigatingToRegisterAccount" time="2.652"/>
  <testcase classname="tests.RegisterTest" name="verifyRegisteringWithDifferentPassAndConfirmPass" time="3.728"/>
  <testcase classname="tests.RegisterTest" name="verifyRegisteringWithExistingDetails" time="3.596"/>
  <testcase classname="tests.RegisterTest" name="verifyInvalidEmailTooltipMsg" time="5.538"/>
</testsuite> <!-- Test -->
