<?xml version="1.0" encoding="UTF-8"?>
<!-- Generated by org.testng.reporters.JUnitXMLReporter -->
<testsuite ignored="29" hostname="DESKTOP-FLAG05I" failures="0" tests="1" name="Test" time="9.006" errors="0" timestamp="2024-10-31T14:15:56 EDT">
  <testcase classname="tests.LogoutTest" name="logoutFromMyAccountDropMenu" time="3.975"/>
  <testcase classname="tests.RegisterTest" name="verifyRegisteringWithNotSelectingPrivacyPolicy" time="0.0">
    <ignored/>
  </testcase> <!-- verifyRegisteringWithNotSelectingPrivacyPolicy -->
  <testcase classname="tests.LoginTest" name="verifyPasswordCannotCopied" time="0.0">
    <ignored/>
  </testcase> <!-- verifyPasswordCannotCopied -->
  <testcase classname="tests.LoginTest" name="verifyPlaceholdersOnLoginPage" time="0.0">
    <ignored/>
  </testcase> <!-- verifyPlaceholdersOnLoginPage -->
  <testcase classname="tests.RegisterTest" name="verifyAsterickSymbolForMandatoryFields" time="0.0">
    <ignored/>
  </testcase> <!-- verifyAsterickSymbolForMandatoryFields -->
  <testcase classname="tests.RegisterTest" name="verifyRegisterAccountWithoutanyDetails" time="0.0">
    <ignored/>
  </testcase> <!-- verifyRegisterAccountWithoutanyDetails -->
  <testcase classname="tests.RegisterTest" name="verifyDiffWayNavigatingToRegisterAccount" time="0.0">
    <ignored/>
  </testcase> <!-- verifyDiffWayNavigatingToRegisterAccount -->
  <testcase classname="tests.LoginTest" name="verifyMaxLoginAttempts" time="0.0">
    <ignored/>
  </testcase> <!-- verifyMaxLoginAttempts -->
  <testcase classname="tests.RegisterTest" name="verifyRegisterAccountUsingAllFields" time="0.0">
    <ignored/>
  </testcase> <!-- verifyRegisterAccountUsingAllFields -->
  <testcase classname="tests.RegisterTest" name="verifyConfirmationEmailSendForSuccessfullRegistration" time="0.0">
    <ignored/>
  </testcase> <!-- verifyConfirmationEmailSendForSuccessfullRegistration -->
  <testcase classname="tests.RegisterTest" name="verifyPasswordAndConfirmPasswordToggledToHide" time="0.0">
    <ignored/>
  </testcase> <!-- verifyPasswordAndConfirmPasswordToggledToHide -->
  <testcase classname="tests.RegisterTest" name="verifyRegisterAccountNoSelectedForNewsletter" time="0.0">
    <ignored/>
  </testcase> <!-- verifyRegisterAccountNoSelectedForNewsletter -->
  <testcase classname="tests.RegisterTest" name="verifyUserCannotuseInvalidPhoneNumber" time="0.0">
    <ignored/>
  </testcase> <!-- verifyUserCannotuseInvalidPhoneNumber -->
  <testcase classname="tests.LoginTest" name="verifyPasswordNotVisibleInPageSource" time="0.0">
    <ignored/>
  </testcase> <!-- verifyPasswordNotVisibleInPageSource -->
  <testcase classname="tests.RegisterTest" name="verifyRegisterAccountUsingMandatoryFields" time="0.0">
    <ignored/>
  </testcase> <!-- verifyRegisterAccountUsingMandatoryFields -->
  <testcase classname="tests.LoginTest" name="verifyLoginToApplicationUsingInvalidCredentials" time="0.0">
    <ignored/>
  </testcase> <!-- verifyLoginToApplicationUsingInvalidCredentials -->
  <testcase classname="tests.RegisterTest" name="verifyThePlaceholders" time="0.0">
    <ignored/>
  </testcase> <!-- verifyThePlaceholders -->
  <testcase classname="tests.LoginTest" name="verifyNavigatingBackAfterSuccessfullLogin" time="0.0">
    <ignored/>
  </testcase> <!-- verifyNavigatingBackAfterSuccessfullLogin -->
  <testcase classname="tests.LoginTest" name="verifyPasswordFieldToggleToHide" time="0.0">
    <ignored/>
  </testcase> <!-- verifyPasswordFieldToggleToHide -->
  <testcase classname="tests.RegisterTest" name="verifyRegisteringWithExistingDetails" time="0.0">
    <ignored/>
  </testcase> <!-- verifyRegisteringWithExistingDetails -->
  <testcase classname="tests.LoginTest" name="verifyLoginToApplicationUsingvalidCredentials" time="0.0">
    <ignored/>
  </testcase> <!-- verifyLoginToApplicationUsingvalidCredentials -->
  <testcase classname="tests.LoginTest" name="verifyForgotPasswordLink" time="0.0">
    <ignored/>
  </testcase> <!-- verifyForgotPasswordLink -->
  <testcase classname="tests.RegisterTest" name="verifyRegisteringWithNotEnteringPassConfirm" time="0.0">
    <ignored/>
  </testcase> <!-- verifyRegisteringWithNotEnteringPassConfirm -->
  <testcase classname="tests.LoginTest" name="verifyNavigatingBackAfterLogout" time="0.0">
    <ignored/>
  </testcase> <!-- verifyNavigatingBackAfterLogout -->
  <testcase classname="tests.RegisterTest" name="verifyRegisterAccountYesSelectedForNewsletter" time="0.0">
    <ignored/>
  </testcase> <!-- verifyRegisterAccountYesSelectedForNewsletter -->
  <testcase classname="tests.RegisterTest" name="verifyCheckboxNotCheckedByDefault" time="0.0">
    <ignored/>
  </testcase> <!-- verifyCheckboxNotCheckedByDefault -->
  <testcase classname="tests.LoginTest" name="verifyLoggingAfterchangingPassword" time="0.0">
    <ignored/>
  </testcase> <!-- verifyLoggingAfterchangingPassword -->
  <testcase classname="tests.RegisterTest" name="verifyInvalidEmailTooltipMsg" time="0.0">
    <ignored/>
  </testcase> <!-- verifyInvalidEmailTooltipMsg -->
  <testcase classname="tests.RegisterTest" name="verifyRegisteringWithDifferentPassAndConfirmPass" time="0.0">
    <ignored/>
  </testcase> <!-- verifyRegisteringWithDifferentPassAndConfirmPass -->
  <testcase classname="tests.RegisterTest" name="verifyPassWordFieldFollowComplexityStandards" time="0.0">
    <ignored/>
  </testcase> <!-- verifyPassWordFieldFollowComplexityStandards -->
</testsuite> <!-- Test -->
