<?xml version="1.0" encoding="UTF-8"?>
<!-- Generated by org.testng.reporters.JUnitXMLReporter -->
<testsuite ignored="2" hostname="DESKTOP-FLAG05I" failures="0" tests="1" name="chrometest" time="38.732" errors="0" timestamp="2024-11-02T12:32:25 EDT">
  <testcase classname="tests.LoginTest" name="verifyLoginToApplicationUsingvalidCredentials" time="12.742">
    <skipped/>
  </testcase> <!-- verifyLoginToApplicationUsingvalidCredentials -->
  <testcase classname="tests.LoginTest" name="verifyNavigatingBackAfterLogout" time="0.0">
    <ignored/>
  </testcase> <!-- verifyNavigatingBackAfterLogout -->
  <testcase classname="tests.LoginTest" name="verifyNavigatingBackAfterSuccessfullLogin" time="0.0">
    <ignored/>
  </testcase> <!-- verifyNavigatingBackAfterSuccessfullLogin -->
</testsuite> <!-- chrometest -->
