<?xml version="1.0" encoding="UTF-8"?>
<!-- Generated by org.testng.reporters.JUnitXMLReporter -->
<testsuite ignored="2" hostname="DESKTOP-FLAG05I" failures="2" tests="30" name="edgetest" time="296.091" errors="0" timestamp="2024-10-29T21:44:27 EDT">
  <testcase classname="tests.LoginTest" name="verifyLoginToApplicationUsingvalidCredentials" time="2.195"/>
  <testcase classname="tests.LoginTest" name="verifyLoginToApplicationUsingInvalidCredentials" time="1.772"/>
  <testcase classname="tests.LoginTest" name="verifyLoginToApplicationUsingInvalidEmailValidPass" time="1.664"/>
  <testcase classname="tests.LoginTest" name="verifyLoginToApplicationUsingValidEmailInvalidPass" time="2.385"/>
  <testcase classname="tests.LoginTest" name="verifyLoginToApplicationUsingNoCredentilals" time="1.83"/>
  <testcase classname="tests.LoginTest" name="verifyForgotPasswordLink" time="1.323"/>
  <testcase classname="tests.LoginTest" name="verifyPlaceholdersOnLoginPage" time="0.931"/>
  <testcase classname="tests.LoginTest" name="verifyLoginUsingInvalidCredentials" time="1.54"/>
  <testcase classname="tests.LoginTest" name="verifyMaxLoginAttempts" time="5.47"/>
  <testcase classname="tests.LoginTest" name="verifyPasswordFieldToggleToHide" time="1.052"/>
  <testcase classname="tests.LoginTest" name="verifyPasswordCannotCopied" time="1.076"/>
  <testcase classname="tests.LoginTest" name="verifyPasswordNotVisibleInPageSource" time="1.115"/>
  <testcase classname="tests.RegisterTest" name="verifyRegisterAccountUsingMandatoryFields" time="4.149"/>
  <testcase classname="tests.RegisterTest" name="verifyRegisterAccountUsingAllFields" time="3.768"/>
  <testcase classname="tests.RegisterTest" name="verifyRegisterAccountWithoutanyDetails" time="3.251"/>
  <testcase classname="tests.RegisterTest" name="verifyRegisterAccountYesSelectedForNewsletter" time="4.006"/>
  <testcase classname="tests.RegisterTest" name="verifyRegisterAccountNoSelectedForNewsletter" time="3.541"/>
  <testcase classname="tests.RegisterTest" name="verifyDiffWayNavigatingToRegisterAccount" time="2.954"/>
  <testcase classname="tests.RegisterTest" name="verifyRegisteringWithDifferentPassAndConfirmPass" time="3.972"/>
  <testcase classname="tests.RegisterTest" name="verifyRegisteringWithExistingDetails" time="3.403"/>
  <testcase classname="tests.RegisterTest" name="verifyInvalidEmailTooltipMsg" time="5.858"/>
  <testcase classname="tests.RegisterTest" name="verifyUserCannotuseInvalidPhoneNumber" time="3.391">
    <failure type="java.lang.AssertionError" message="did not expect [Your Account Has Been Created!] but found [Your Account Has Been Created!]">
      <![CDATA[java.lang.AssertionError: did not expect [Your Account Has Been Created!] but found [Your Account Has Been Created!]
at tests.RegisterTest.verifyUserCannotuseInvalidPhoneNumber(RegisterTest.java:116)
at java.base/java.util.ArrayList.forEach(ArrayList.java:1596)
... Removed 30 stack frames]]>
    </failure>
  </testcase> <!-- verifyUserCannotuseInvalidPhoneNumber -->
  <testcase classname="tests.RegisterTest" name="verifyThePlaceholders" time="1.326"/>
  <testcase classname="tests.RegisterTest" name="verifyAsterickSymbolForMandatoryFields" time="1.358"/>
  <testcase classname="tests.RegisterTest" name="verifyPassWordFieldFollowComplexityStandards" time="4.278">
    <failure type="java.lang.AssertionError" message="did not expect [Your Account Has Been Created!] but found [Your Account Has Been Created!]">
      <![CDATA[java.lang.AssertionError: did not expect [Your Account Has Been Created!] but found [Your Account Has Been Created!]
at tests.RegisterTest.verifyPassWordFieldFollowComplexityStandards(RegisterTest.java:183)
at java.base/java.util.ArrayList.forEach(ArrayList.java:1596)
... Removed 30 stack frames]]>
    </failure>
  </testcase> <!-- verifyPassWordFieldFollowComplexityStandards -->
  <testcase classname="tests.RegisterTest" name="verifyCheckboxNotCheckedByDefault" time="1.456"/>
  <testcase classname="tests.RegisterTest" name="verifyRegisteringWithNotSelectingPrivacyPolicy" time="3.786"/>
  <testcase classname="tests.RegisterTest" name="verifyPasswordAndConfirmPasswordToggledToHide" time="1.486"/>
  <testcase classname="tests.RegisterTest" name="verifyRegisteringWithNotEnteringPassConfirm" time="4.153"/>
  <testcase classname="tests.RegisterTest" name="verifyConfirmationEmailSendForSuccessfullRegistration" time="4.383"/>
  <testcase classname="tests.LoginTest" name="verifyNavigatingBackAfterSuccessfullLogin" time="0.0">
    <ignored/>
  </testcase> <!-- verifyNavigatingBackAfterSuccessfullLogin -->
  <testcase classname="tests.LoginTest" name="verifyNavigatingBackAfterLogout" time="0.0">
    <ignored/>
  </testcase> <!-- verifyNavigatingBackAfterLogout -->
</testsuite> <!-- edgetest -->
