<?xml version="1.0" encoding="UTF-8"?>
<!-- Generated by org.testng.reporters.JUnitXMLReporter -->
<testsuite ignored="0" hostname="DESKTOP-FLAG05I" failures="0" tests="17" name="firefoxtest" time="1.248" errors="0" timestamp="2024-11-05T23:58:27 EST">
  <testcase classname="tests.LoginTest" name="verifyLoginWithValidCredentials_Test" time="0.0">
    <skipped/>
  </testcase> <!-- verifyLoginWithValidCredentials_Test -->
  <testcase classname="tests.LoginTest" name="verifyLoginWithValidCredentials_Test" time="0.0">
    <skipped/>
  </testcase> <!-- verifyLoginWithValidCredentials_Test -->
  <testcase classname="tests.LoginTest" name="verifyLoginWithValidCredentials_Test" time="0.0">
    <skipped/>
  </testcase> <!-- verifyLoginWithValidCredentials_Test -->
  <testcase classname="tests.LoginTest" name="verifyLoginWithValidCredentials_Test" time="0.0">
    <skipped/>
  </testcase> <!-- verifyLoginWithValidCredentials_Test -->
  <testcase classname="tests.LoginTest" name="verifyLoginWithInvalidCredentials_Test" time="0.0">
    <skipped/>
  </testcase> <!-- verifyLoginWithInvalidCredentials_Test -->
  <testcase classname="tests.LoginTest" name="verifyLoginWithInvalidCredentials_Test" time="0.0">
    <skipped/>
  </testcase> <!-- verifyLoginWithInvalidCredentials_Test -->
  <testcase classname="tests.LoginTest" name="verifyLoginWithInvalidCredentials_Test" time="0.0">
    <skipped/>
  </testcase> <!-- verifyLoginWithInvalidCredentials_Test -->
  <testcase classname="tests.LoginTest" name="verifyLoginWithInvalidCredentials_Test" time="0.0">
    <skipped/>
  </testcase> <!-- verifyLoginWithInvalidCredentials_Test -->
  <testcase classname="tests.LoginTest" name="verifyForgotPasswordLink_Test" time="0.0">
    <skipped/>
  </testcase> <!-- verifyForgotPasswordLink_Test -->
  <testcase classname="tests.LoginTest" name="verifyPlaceholdersOnLoginPage_Test" time="0.0">
    <skipped/>
  </testcase> <!-- verifyPlaceholdersOnLoginPage_Test -->
  <testcase classname="tests.LoginTest" name="verifyNavigationBackAfterSuccessfulLogin_Test" time="0.0">
    <skipped/>
  </testcase> <!-- verifyNavigationBackAfterSuccessfulLogin_Test -->
  <testcase classname="tests.LoginTest" name="verifyNavigationBackAfterLogout_Test" time="0.0">
    <skipped/>
  </testcase> <!-- verifyNavigationBackAfterLogout_Test -->
  <testcase classname="tests.LoginTest" name="verifyMaxLoginAttempts_Test" time="0.0">
    <skipped/>
  </testcase> <!-- verifyMaxLoginAttempts_Test -->
  <testcase classname="tests.LoginTest" name="verifyPasswordFieldToggleToHide_Test" time="0.0">
    <skipped/>
  </testcase> <!-- verifyPasswordFieldToggleToHide_Test -->
  <testcase classname="tests.LoginTest" name="verifyPasswordCannotBeCopied_Test" time="0.0">
    <skipped/>
  </testcase> <!-- verifyPasswordCannotBeCopied_Test -->
  <testcase classname="tests.LoginTest" name="verifyPasswordNotVisibleInPageSource_Test" time="0.0">
    <skipped/>
  </testcase> <!-- verifyPasswordNotVisibleInPageSource_Test -->
  <testcase classname="tests.LoginTest" name="verifyLoginAfterChangingPassword_Test" time="0.002">
    <skipped/>
  </testcase> <!-- verifyLoginAfterChangingPassword_Test -->
</testsuite> <!-- firefoxtest -->
