<?xml version="1.0" encoding="UTF-8"?>
<!-- Generated by org.testng.reporters.JUnitXMLReporter -->
<testsuite ignored="0" hostname="DESKTOP-FLAG05I" failures="0" tests="45" name="firefoxtest" time="54.948" errors="0" timestamp="2024-11-04T22:43:00 EST">
  <testcase classname="tests.LoginTest" name="verifyLoginToApplicationUsingvalidCredentials_Test" time="0.0">
    <skipped/>
  </testcase> <!-- verifyLoginToApplicationUsingvalidCredentials_Test -->
  <testcase classname="tests.LoginTest" name="verifyLoginToApplicationUsingvalidCredentials_Test" time="0.0">
    <skipped/>
  </testcase> <!-- verifyLoginToApplicationUsingvalidCredentials_Test -->
  <testcase classname="tests.LoginTest" name="verifyLoginToApplicationUsingvalidCredentials_Test" time="0.0">
    <skipped/>
  </testcase> <!-- verifyLoginToApplicationUsingvalidCredentials_Test -->
  <testcase classname="tests.LoginTest" name="verifyLoginToApplicationUsingvalidCredentials_Test" time="0.0">
    <skipped/>
  </testcase> <!-- verifyLoginToApplicationUsingvalidCredentials_Test -->
  <testcase classname="tests.RegisterTest" name="verifyRegisterAccountUsingMandatoryFields_Test" time="0.0">
    <skipped/>
  </testcase> <!-- verifyRegisterAccountUsingMandatoryFields_Test -->
  <testcase classname="tests.LoginTest" name="verifyLoginToApplicationUsingInvalidCredentials_Test" time="0.0">
    <skipped/>
  </testcase> <!-- verifyLoginToApplicationUsingInvalidCredentials_Test -->
  <testcase classname="tests.LoginTest" name="verifyLoginToApplicationUsingInvalidCredentials_Test" time="0.0">
    <skipped/>
  </testcase> <!-- verifyLoginToApplicationUsingInvalidCredentials_Test -->
  <testcase classname="tests.LoginTest" name="verifyLoginToApplicationUsingInvalidCredentials_Test" time="0.001">
    <skipped/>
  </testcase> <!-- verifyLoginToApplicationUsingInvalidCredentials_Test -->
  <testcase classname="tests.LoginTest" name="verifyLoginToApplicationUsingInvalidCredentials_Test" time="0.0">
    <skipped/>
  </testcase> <!-- verifyLoginToApplicationUsingInvalidCredentials_Test -->
  <testcase classname="tests.RegisterTest" name="verifyRegisterAccountUsingAllFields_Test" time="0.0">
    <skipped/>
  </testcase> <!-- verifyRegisterAccountUsingAllFields_Test -->
  <testcase classname="tests.RegisterTest" name="verifyRegisterAccountWithoutanyDetails_Test" time="0.0">
    <skipped/>
  </testcase> <!-- verifyRegisterAccountWithoutanyDetails_Test -->
  <testcase classname="tests.RegisterTest" name="verifyRegisterAccountYesSelectedForNewsletter_Test" time="0.001">
    <skipped/>
  </testcase> <!-- verifyRegisterAccountYesSelectedForNewsletter_Test -->
  <testcase classname="tests.RegisterTest" name="verifyRegisterAccountNoSelectedForNewsletter_Test" time="0.001">
    <skipped/>
  </testcase> <!-- verifyRegisterAccountNoSelectedForNewsletter_Test -->
  <testcase classname="tests.RegisterTest" name="verifyDiffWayNavigatingToRegisterAccount_Test" time="0.0">
    <skipped/>
  </testcase> <!-- verifyDiffWayNavigatingToRegisterAccount_Test -->
  <testcase classname="tests.LoginTest" name="verifyForgotPasswordLink_Test" time="0.0">
    <skipped/>
  </testcase> <!-- verifyForgotPasswordLink_Test -->
  <testcase classname="tests.LoginTest" name="verifyPlaceholdersOnLoginPage_Test" time="0.0">
    <skipped/>
  </testcase> <!-- verifyPlaceholdersOnLoginPage_Test -->
  <testcase classname="tests.RegisterTest" name="verifyRegisteringWithDifferentPassAndConfirmPass_Test" time="0.0">
    <skipped/>
  </testcase> <!-- verifyRegisteringWithDifferentPassAndConfirmPass_Test -->
  <testcase classname="tests.LoginTest" name="verifyNavigatingBackAfterSuccessfullLogin_Test" time="0.0">
    <skipped/>
  </testcase> <!-- verifyNavigatingBackAfterSuccessfullLogin_Test -->
  <testcase classname="tests.RegisterTest" name="verifyRegisteringWithExistingDetails_Test" time="0.0">
    <skipped/>
  </testcase> <!-- verifyRegisteringWithExistingDetails_Test -->
  <testcase classname="tests.RegisterTest" name="verifyInvalidEmailTooltipMsg_Test" time="0.0">
    <skipped/>
  </testcase> <!-- verifyInvalidEmailTooltipMsg_Test -->
  <testcase classname="tests.LoginTest" name="verifyNavigatingBackAfterLogout_Test" time="0.0">
    <skipped/>
  </testcase> <!-- verifyNavigatingBackAfterLogout_Test -->
  <testcase classname="tests.RegisterTest" name="verifyUserCannotuseInvalidPhoneNumber_Test" time="0.0">
    <skipped/>
  </testcase> <!-- verifyUserCannotuseInvalidPhoneNumber_Test -->
  <testcase classname="tests.RegisterTest" name="verifyUserCannotuseInvalidPhoneNumber_Test" time="0.0">
    <skipped/>
  </testcase> <!-- verifyUserCannotuseInvalidPhoneNumber_Test -->
  <testcase classname="tests.RegisterTest" name="verifyUserCannotuseInvalidPhoneNumber_Test" time="0.0">
    <skipped/>
  </testcase> <!-- verifyUserCannotuseInvalidPhoneNumber_Test -->
  <testcase classname="tests.RegisterTest" name="verifyUserCannotuseInvalidPhoneNumber_Test" time="0.0">
    <skipped/>
  </testcase> <!-- verifyUserCannotuseInvalidPhoneNumber_Test -->
  <testcase classname="tests.RegisterTest" name="verifyUserCannotuseInvalidPhoneNumber_Test" time="0.0">
    <skipped/>
  </testcase> <!-- verifyUserCannotuseInvalidPhoneNumber_Test -->
  <testcase classname="tests.LoginTest" name="verifyMaxLoginAttempts_Test" time="0.0">
    <skipped/>
  </testcase> <!-- verifyMaxLoginAttempts_Test -->
  <testcase classname="tests.RegisterTest" name="verifyRegisterPagePlaceholders_Test" time="0.0">
    <skipped/>
  </testcase> <!-- verifyRegisterPagePlaceholders_Test -->
  <testcase classname="tests.RegisterTest" name="verifyAsterickSymbolForMandatoryFields_Test" time="0.0">
    <skipped/>
  </testcase> <!-- verifyAsterickSymbolForMandatoryFields_Test -->
  <testcase classname="tests.LoginTest" name="verifyPasswordFieldToggleToHide_Test" time="0.0">
    <skipped/>
  </testcase> <!-- verifyPasswordFieldToggleToHide_Test -->
  <testcase classname="tests.RegisterTest" name="verifyPassWordFieldFollowComplexityStandards_Test" time="0.001">
    <skipped/>
  </testcase> <!-- verifyPassWordFieldFollowComplexityStandards_Test -->
  <testcase classname="tests.RegisterTest" name="verifyPassWordFieldFollowComplexityStandards_Test" time="0.0">
    <skipped/>
  </testcase> <!-- verifyPassWordFieldFollowComplexityStandards_Test -->
  <testcase classname="tests.RegisterTest" name="verifyPassWordFieldFollowComplexityStandards_Test" time="0.0">
    <skipped/>
  </testcase> <!-- verifyPassWordFieldFollowComplexityStandards_Test -->
  <testcase classname="tests.RegisterTest" name="verifyPassWordFieldFollowComplexityStandards_Test" time="0.0">
    <skipped/>
  </testcase> <!-- verifyPassWordFieldFollowComplexityStandards_Test -->
  <testcase classname="tests.RegisterTest" name="verifyPassWordFieldFollowComplexityStandards_Test" time="0.0">
    <skipped/>
  </testcase> <!-- verifyPassWordFieldFollowComplexityStandards_Test -->
  <testcase classname="tests.RegisterTest" name="verifyPassWordFieldFollowComplexityStandards_Test" time="0.001">
    <skipped/>
  </testcase> <!-- verifyPassWordFieldFollowComplexityStandards_Test -->
  <testcase classname="tests.RegisterTest" name="verifyPassWordFieldFollowComplexityStandards_Test" time="0.0">
    <skipped/>
  </testcase> <!-- verifyPassWordFieldFollowComplexityStandards_Test -->
  <testcase classname="tests.LoginTest" name="verifyPasswordCannotCopied_Test" time="0.0">
    <skipped/>
  </testcase> <!-- verifyPasswordCannotCopied_Test -->
  <testcase classname="tests.RegisterTest" name="verifyCheckboxNotCheckedByDefault_Test" time="0.0">
    <skipped/>
  </testcase> <!-- verifyCheckboxNotCheckedByDefault_Test -->
  <testcase classname="tests.LoginTest" name="verifyPasswordNotVisibleInPageSource_Test" time="0.0">
    <skipped/>
  </testcase> <!-- verifyPasswordNotVisibleInPageSource_Test -->
  <testcase classname="tests.LoginTest" name="verifyLoggingAfterchangingPassword_Test" time="0.0">
    <skipped/>
  </testcase> <!-- verifyLoggingAfterchangingPassword_Test -->
  <testcase classname="tests.RegisterTest" name="verifyRegisteringWithNotSelectingPrivacyPolicy_Test" time="0.0">
    <skipped/>
  </testcase> <!-- verifyRegisteringWithNotSelectingPrivacyPolicy_Test -->
  <testcase classname="tests.RegisterTest" name="verifyPasswordAndConfirmPasswordToggledToHide_Test" time="0.0">
    <skipped/>
  </testcase> <!-- verifyPasswordAndConfirmPasswordToggledToHide_Test -->
  <testcase classname="tests.RegisterTest" name="verifyRegisteringWithNotEnteringPassConfirm_Test" time="0.0">
    <skipped/>
  </testcase> <!-- verifyRegisteringWithNotEnteringPassConfirm_Test -->
  <testcase classname="tests.RegisterTest" name="verifyConfirmationEmailSendForSuccessfullRegistration_Test" time="0.001">
    <skipped/>
  </testcase> <!-- verifyConfirmationEmailSendForSuccessfullRegistration_Test -->
</testsuite> <!-- firefoxtest -->
