<?xml version="1.0" encoding="UTF-8"?>
<testng-results ignored="0" total="6" passed="6" failed="0" skipped="0">
  <reporter-output>
  </reporter-output>
  <suite started-at="2024-11-06T22:11:35 EST" name="Crossbrowser-Suite" finished-at="2024-11-06T22:12:28 EST" duration-ms="53337">
    <groups>
      <group name="Master">
        <method signature="LogoutTest.verifyLogoutFromMainMenuDropdown_Test()[pri:1, instance:tests.LogoutTest@ec2cc4]" name="verifyLogoutFromMainMenuDropdown_Test" class="tests.LogoutTest"/>
        <method signature="LogoutTest.verifyLogoutFromRightColumnOption_Test()[pri:2, instance:tests.LogoutTest@ec2cc4]" name="verifyLogoutFromRightColumnOption_Test" class="tests.LogoutTest"/>
        <method signature="LogoutTest.verifyLogoutFromMainMenuDropdown_Test()[pri:1, instance:tests.LogoutTest@4b7e96a]" name="verifyLogoutFromMainMenuDropdown_Test" class="tests.LogoutTest"/>
        <method signature="LogoutTest.verifyLogoutFromRightColumnOption_Test()[pri:2, instance:tests.LogoutTest@4b7e96a]" name="verifyLogoutFromRightColumnOption_Test" class="tests.LogoutTest"/>
        <method signature="LogoutTest.verifyLogoutFromMainMenuDropdown_Test()[pri:1, instance:tests.LogoutTest@3f07b12c]" name="verifyLogoutFromMainMenuDropdown_Test" class="tests.LogoutTest"/>
        <method signature="LogoutTest.verifyLogoutFromRightColumnOption_Test()[pri:2, instance:tests.LogoutTest@3f07b12c]" name="verifyLogoutFromRightColumnOption_Test" class="tests.LogoutTest"/>
      </group> <!-- Master -->
      <group name="Regression">
        <method signature="LogoutTest.verifyLogoutFromMainMenuDropdown_Test()[pri:1, instance:tests.LogoutTest@ec2cc4]" name="verifyLogoutFromMainMenuDropdown_Test" class="tests.LogoutTest"/>
        <method signature="LogoutTest.verifyLogoutFromRightColumnOption_Test()[pri:2, instance:tests.LogoutTest@ec2cc4]" name="verifyLogoutFromRightColumnOption_Test" class="tests.LogoutTest"/>
        <method signature="LogoutTest.verifyLogoutFromMainMenuDropdown_Test()[pri:1, instance:tests.LogoutTest@4b7e96a]" name="verifyLogoutFromMainMenuDropdown_Test" class="tests.LogoutTest"/>
        <method signature="LogoutTest.verifyLogoutFromRightColumnOption_Test()[pri:2, instance:tests.LogoutTest@4b7e96a]" name="verifyLogoutFromRightColumnOption_Test" class="tests.LogoutTest"/>
        <method signature="LogoutTest.verifyLogoutFromMainMenuDropdown_Test()[pri:1, instance:tests.LogoutTest@3f07b12c]" name="verifyLogoutFromMainMenuDropdown_Test" class="tests.LogoutTest"/>
        <method signature="LogoutTest.verifyLogoutFromRightColumnOption_Test()[pri:2, instance:tests.LogoutTest@3f07b12c]" name="verifyLogoutFromRightColumnOption_Test" class="tests.LogoutTest"/>
      </group> <!-- Regression -->
    </groups>
    <test started-at="2024-11-06T22:11:35 EST" name="chrometest" finished-at="2024-11-06T22:12:25 EST" duration-ms="50274">
      <class name="tests.LogoutTest">
        <test-method is-config="true" signature="setUp(java.lang.String,java.lang.String)[pri:0, instance:tests.LogoutTest@ec2cc4]" started-at="2024-11-06T22:11:35 EST" name="setUp" finished-at="2024-11-06T22:11:58 EST" duration-ms="22411" status="PASS">
          <params>
            <param index="0">
              <value>
                <![CDATA[Chrome]]>
              </value>
            </param>
            <param index="1">
              <value>
                <![CDATA[Test]]>
              </value>
            </param>
          </params>
          <reporter-output>
          </reporter-output>
        </test-method> <!-- setUp -->
        <test-method signature="verifyLogoutFromMainMenuDropdown_Test()[pri:1, instance:tests.LogoutTest@ec2cc4]" started-at="2024-11-06T22:11:58 EST" name="verifyLogoutFromMainMenuDropdown_Test" finished-at="2024-11-06T22:12:01 EST" duration-ms="3376" status="PASS">
          <reporter-output>
          </reporter-output>
        </test-method> <!-- verifyLogoutFromMainMenuDropdown_Test -->
        <test-method is-config="true" signature="tearDown()[pri:0, instance:tests.LogoutTest@ec2cc4]" started-at="2024-11-06T22:12:01 EST" name="tearDown" finished-at="2024-11-06T22:12:04 EST" duration-ms="3299" status="PASS">
          <reporter-output>
          </reporter-output>
        </test-method> <!-- tearDown -->
        <test-method is-config="true" signature="setUp(java.lang.String,java.lang.String)[pri:0, instance:tests.LogoutTest@ec2cc4]" started-at="2024-11-06T22:12:04 EST" name="setUp" finished-at="2024-11-06T22:12:21 EST" duration-ms="16720" status="PASS">
          <params>
            <param index="0">
              <value>
                <![CDATA[Chrome]]>
              </value>
            </param>
            <param index="1">
              <value>
                <![CDATA[Test]]>
              </value>
            </param>
          </params>
          <reporter-output>
          </reporter-output>
        </test-method> <!-- setUp -->
        <test-method signature="verifyLogoutFromRightColumnOption_Test()[pri:2, instance:tests.LogoutTest@ec2cc4]" started-at="2024-11-06T22:12:21 EST" name="verifyLogoutFromRightColumnOption_Test" finished-at="2024-11-06T22:12:24 EST" duration-ms="3308" status="PASS">
          <reporter-output>
          </reporter-output>
        </test-method> <!-- verifyLogoutFromRightColumnOption_Test -->
        <test-method is-config="true" signature="tearDown()[pri:0, instance:tests.LogoutTest@ec2cc4]" started-at="2024-11-06T22:12:24 EST" name="tearDown" finished-at="2024-11-06T22:12:25 EST" duration-ms="824" status="PASS">
          <reporter-output>
          </reporter-output>
        </test-method> <!-- tearDown -->
      </class> <!-- tests.LogoutTest -->
    </test> <!-- chrometest -->
    <test started-at="2024-11-06T22:11:35 EST" name="Edgetest" finished-at="2024-11-06T22:12:26 EST" duration-ms="51675">
      <class name="tests.LogoutTest">
        <test-method is-config="true" signature="setUp(java.lang.String,java.lang.String)[pri:0, instance:tests.LogoutTest@4b7e96a]" started-at="2024-11-06T22:11:35 EST" name="setUp" finished-at="2024-11-06T22:11:57 EST" duration-ms="21832" status="PASS">
          <params>
            <param index="0">
              <value>
                <![CDATA[Edge]]>
              </value>
            </param>
            <param index="1">
              <value>
                <![CDATA[Test]]>
              </value>
            </param>
          </params>
          <reporter-output>
          </reporter-output>
        </test-method> <!-- setUp -->
        <test-method signature="verifyLogoutFromMainMenuDropdown_Test()[pri:1, instance:tests.LogoutTest@4b7e96a]" started-at="2024-11-06T22:11:57 EST" name="verifyLogoutFromMainMenuDropdown_Test" finished-at="2024-11-06T22:12:03 EST" duration-ms="5621" status="PASS">
          <reporter-output>
          </reporter-output>
        </test-method> <!-- verifyLogoutFromMainMenuDropdown_Test -->
        <test-method is-config="true" signature="tearDown()[pri:0, instance:tests.LogoutTest@4b7e96a]" started-at="2024-11-06T22:12:03 EST" name="tearDown" finished-at="2024-11-06T22:12:04 EST" duration-ms="1871" status="PASS">
          <reporter-output>
          </reporter-output>
        </test-method> <!-- tearDown -->
        <test-method is-config="true" signature="setUp(java.lang.String,java.lang.String)[pri:0, instance:tests.LogoutTest@4b7e96a]" started-at="2024-11-06T22:12:04 EST" name="setUp" finished-at="2024-11-06T22:12:21 EST" duration-ms="16712" status="PASS">
          <params>
            <param index="0">
              <value>
                <![CDATA[Edge]]>
              </value>
            </param>
            <param index="1">
              <value>
                <![CDATA[Test]]>
              </value>
            </param>
          </params>
          <reporter-output>
          </reporter-output>
        </test-method> <!-- setUp -->
        <test-method signature="verifyLogoutFromRightColumnOption_Test()[pri:2, instance:tests.LogoutTest@4b7e96a]" started-at="2024-11-06T22:12:21 EST" name="verifyLogoutFromRightColumnOption_Test" finished-at="2024-11-06T22:12:24 EST" duration-ms="2554" status="PASS">
          <reporter-output>
          </reporter-output>
        </test-method> <!-- verifyLogoutFromRightColumnOption_Test -->
        <test-method is-config="true" signature="tearDown()[pri:0, instance:tests.LogoutTest@4b7e96a]" started-at="2024-11-06T22:12:24 EST" name="tearDown" finished-at="2024-11-06T22:12:26 EST" duration-ms="2750" status="PASS">
          <reporter-output>
          </reporter-output>
        </test-method> <!-- tearDown -->
      </class> <!-- tests.LogoutTest -->
    </test> <!-- Edgetest -->
    <test started-at="2024-11-06T22:11:35 EST" name="Firefoxtest" finished-at="2024-11-06T22:12:28 EST" duration-ms="53337">
      <class name="tests.LogoutTest">
        <test-method is-config="true" signature="setUp(java.lang.String,java.lang.String)[pri:0, instance:tests.LogoutTest@3f07b12c]" started-at="2024-11-06T22:11:35 EST" name="setUp" finished-at="2024-11-06T22:11:56 EST" duration-ms="20551" status="PASS">
          <params>
            <param index="0">
              <value>
                <![CDATA[Firefox]]>
              </value>
            </param>
            <param index="1">
              <value>
                <![CDATA[Stage]]>
              </value>
            </param>
          </params>
          <reporter-output>
          </reporter-output>
        </test-method> <!-- setUp -->
        <test-method signature="verifyLogoutFromMainMenuDropdown_Test()[pri:1, instance:tests.LogoutTest@3f07b12c]" started-at="2024-11-06T22:11:56 EST" name="verifyLogoutFromMainMenuDropdown_Test" finished-at="2024-11-06T22:11:58 EST" duration-ms="2438" status="PASS">
          <reporter-output>
          </reporter-output>
        </test-method> <!-- verifyLogoutFromMainMenuDropdown_Test -->
        <test-method is-config="true" signature="tearDown()[pri:0, instance:tests.LogoutTest@3f07b12c]" started-at="2024-11-06T22:11:58 EST" name="tearDown" finished-at="2024-11-06T22:12:04 EST" duration-ms="5497" status="PASS">
          <reporter-output>
          </reporter-output>
        </test-method> <!-- tearDown -->
        <test-method is-config="true" signature="setUp(java.lang.String,java.lang.String)[pri:0, instance:tests.LogoutTest@3f07b12c]" started-at="2024-11-06T22:12:04 EST" name="setUp" finished-at="2024-11-06T22:12:24 EST" duration-ms="20754" status="PASS">
          <params>
            <param index="0">
              <value>
                <![CDATA[Firefox]]>
              </value>
            </param>
            <param index="1">
              <value>
                <![CDATA[Stage]]>
              </value>
            </param>
          </params>
          <reporter-output>
          </reporter-output>
        </test-method> <!-- setUp -->
        <test-method signature="verifyLogoutFromRightColumnOption_Test()[pri:2, instance:tests.LogoutTest@3f07b12c]" started-at="2024-11-06T22:12:24 EST" name="verifyLogoutFromRightColumnOption_Test" finished-at="2024-11-06T22:12:26 EST" duration-ms="1531" status="PASS">
          <reporter-output>
          </reporter-output>
        </test-method> <!-- verifyLogoutFromRightColumnOption_Test -->
        <test-method is-config="true" signature="tearDown()[pri:0, instance:tests.LogoutTest@3f07b12c]" started-at="2024-11-06T22:12:26 EST" name="tearDown" finished-at="2024-11-06T22:12:28 EST" duration-ms="2171" status="PASS">
          <reporter-output>
          </reporter-output>
        </test-method> <!-- tearDown -->
      </class> <!-- tests.LogoutTest -->
    </test> <!-- Firefoxtest -->
  </suite> <!-- Crossbrowser-Suite -->
</testng-results>
