<?xml version="1.0" encoding="UTF-8"?>
<testng-results ignored="0" total="2" passed="2" failed="0" skipped="0">
  <reporter-output>
  </reporter-output>
  <suite started-at="2024-11-06T13:37:15 EST" name="Grouping-Suite" finished-at="2024-11-06T13:37:37 EST" duration-ms="21877">
    <groups>
      <group name="Master">
        <method signature="LogoutTest.verifyLogoutFromMainMenuDropdown_Test()[pri:1, instance:tests.LogoutTest@736d6a5c]" name="verifyLogoutFromMainMenuDropdown_Test" class="tests.LogoutTest"/>
        <method signature="LogoutTest.verifyLogoutFromRightColumnOption_Test()[pri:2, instance:tests.LogoutTest@736d6a5c]" name="verifyLogoutFromRightColumnOption_Test" class="tests.LogoutTest"/>
      </group> <!-- Master -->
      <group name="Regression">
        <method signature="LogoutTest.verifyLogoutFromMainMenuDropdown_Test()[pri:1, instance:tests.LogoutTest@736d6a5c]" name="verifyLogoutFromMainMenuDropdown_Test" class="tests.LogoutTest"/>
        <method signature="LogoutTest.verifyLogoutFromRightColumnOption_Test()[pri:2, instance:tests.LogoutTest@736d6a5c]" name="verifyLogoutFromRightColumnOption_Test" class="tests.LogoutTest"/>
      </group> <!-- Regression -->
    </groups>
    <test started-at="2024-11-06T13:37:15 EST" name="Test" finished-at="2024-11-06T13:37:37 EST" duration-ms="21877">
      <class name="tests.LogoutTest">
        <test-method is-config="true" signature="setUp(java.lang.String,java.lang.String)[pri:0, instance:tests.LogoutTest@736d6a5c]" started-at="2024-11-06T13:37:15 EST" name="setUp" finished-at="2024-11-06T13:37:26 EST" duration-ms="10595" status="PASS">
          <params>
            <param index="0">
              <value>
                <![CDATA[Chrome]]>
              </value>
            </param>
            <param index="1">
              <value>
                <![CDATA[Stage]]>
              </value>
            </param>
          </params>
          <reporter-output>
          </reporter-output>
        </test-method> <!-- setUp -->
        <test-method signature="verifyLogoutFromMainMenuDropdown_Test()[pri:1, instance:tests.LogoutTest@736d6a5c]" started-at="2024-11-06T13:37:26 EST" name="verifyLogoutFromMainMenuDropdown_Test" finished-at="2024-11-06T13:37:27 EST" duration-ms="1193" status="PASS">
          <reporter-output>
          </reporter-output>
        </test-method> <!-- verifyLogoutFromMainMenuDropdown_Test -->
        <test-method is-config="true" signature="tearDown()[pri:0, instance:tests.LogoutTest@736d6a5c]" started-at="2024-11-06T13:37:27 EST" name="tearDown" finished-at="2024-11-06T13:37:27 EST" duration-ms="158" status="PASS">
          <reporter-output>
          </reporter-output>
        </test-method> <!-- tearDown -->
        <test-method is-config="true" signature="setUp(java.lang.String,java.lang.String)[pri:0, instance:tests.LogoutTest@736d6a5c]" started-at="2024-11-06T13:37:27 EST" name="setUp" finished-at="2024-11-06T13:37:36 EST" duration-ms="8524" status="PASS">
          <params>
            <param index="0">
              <value>
                <![CDATA[Chrome]]>
              </value>
            </param>
            <param index="1">
              <value>
                <![CDATA[Stage]]>
              </value>
            </param>
          </params>
          <reporter-output>
          </reporter-output>
        </test-method> <!-- setUp -->
        <test-method signature="verifyLogoutFromRightColumnOption_Test()[pri:2, instance:tests.LogoutTest@736d6a5c]" started-at="2024-11-06T13:37:36 EST" name="verifyLogoutFromRightColumnOption_Test" finished-at="2024-11-06T13:37:37 EST" duration-ms="1026" status="PASS">
          <reporter-output>
          </reporter-output>
        </test-method> <!-- verifyLogoutFromRightColumnOption_Test -->
        <test-method is-config="true" signature="tearDown()[pri:0, instance:tests.LogoutTest@736d6a5c]" started-at="2024-11-06T13:37:37 EST" name="tearDown" finished-at="2024-11-06T13:37:37 EST" duration-ms="123" status="PASS">
          <reporter-output>
          </reporter-output>
        </test-method> <!-- tearDown -->
      </class> <!-- tests.LogoutTest -->
    </test> <!-- Test -->
  </suite> <!-- Grouping-Suite -->
</testng-results>
