<?xml version="1.0" encoding="UTF-8"?>
<testng-results ignored="0" total="1" passed="1" failed="0" skipped="0">
  <reporter-output>
  </reporter-output>
  <suite started-at="2024-10-31T14:15:46 EDT" name="Grouping-Suite" finished-at="2024-10-31T14:15:55 EDT" duration-ms="9006">
    <groups>
      <group name="test">
        <method signature="LogoutTest.logoutFromMyAccountDropMenu()[pri:1, instance:tests.LogoutTest@77a98a6a]" name="logoutFromMyAccountDropMenu" class="tests.LogoutTest"/>
      </group> <!-- test -->
    </groups>
    <test started-at="2024-10-31T14:15:46 EDT" name="Test" finished-at="2024-10-31T14:15:55 EDT" duration-ms="9006">
      <class name="tests.LogoutTest">
        <test-method is-config="true" signature="Setup(java.lang.String,java.lang.String)[pri:0, instance:tests.LogoutTest@77a98a6a]" started-at="2024-10-31T14:15:46 EDT" name="Setup" finished-at="2024-10-31T14:15:51 EDT" duration-ms="4755" status="PASS">
          <params>
            <param index="0">
              <value>
                <![CDATA[Windows]]>
              </value>
            </param>
            <param index="1">
              <value>
                <![CDATA[chrome]]>
              </value>
            </param>
          </params>
          <reporter-output>
          </reporter-output>
        </test-method> <!-- Setup -->
        <test-method signature="logoutFromMyAccountDropMenu()[pri:1, instance:tests.LogoutTest@77a98a6a]" started-at="2024-10-31T14:15:51 EDT" name="logoutFromMyAccountDropMenu" finished-at="2024-10-31T14:15:55 EDT" duration-ms="3975" status="PASS">
          <reporter-output>
          </reporter-output>
        </test-method> <!-- logoutFromMyAccountDropMenu -->
        <test-method is-config="true" signature="tearDown()[pri:0, instance:tests.LogoutTest@77a98a6a]" started-at="2024-10-31T14:15:55 EDT" name="tearDown" finished-at="2024-10-31T14:15:55 EDT" duration-ms="133" status="PASS">
          <reporter-output>
          </reporter-output>
        </test-method> <!-- tearDown -->
      </class> <!-- tests.LogoutTest -->
    </test> <!-- Test -->
  </suite> <!-- Grouping-Suite -->
</testng-results>
