<?xml version="1.0" encoding="UTF-8"?>
<!-- Generated by org.testng.reporters.JUnitReportReporter -->
<testsuite hostname="DESKTOP-FLAG05I" failures="37" tests="124" name="tests.RegisterTest" time="2255.502" errors="3" timestamp="2024-11-06T18:11:53 EST" skipped="40">
  <testcase classname="tests.RegisterTest" name="verifyRegisteringAccountUsingMandatoryFields_Test" time="19.509"/>
  <testcase classname="tests.RegisterTest" name="verifyRegisteringAccountUsingMandatoryFields_Test" time="20.207"/>
  <testcase classname="tests.RegisterTest" name="verifyRegisteringAccountUsingMandatoryFields_Test" time="20.259"/>
  <testcase classname="tests.RegisterTest" name="verifyRegisteringAccountUsingNonMandatoryFields_Test" time="18.515"/>
  <testcase classname="tests.RegisterTest" name="verifyRegisteringAccountUsingNonMandatoryFields_Test" time="20.107"/>
  <testcase classname="tests.RegisterTest" name="verifyRegisteringAccountUsingNonMandatoryFields_Test" time="18.926"/>
  <testcase classname="tests.RegisterTest" name="verifyRegisteringAccountWithoutAnyDetails_Test" time="19.393"/>
  <testcase classname="tests.RegisterTest" name="verifyRegisteringAccountWithoutAnyDetails_Test" time="19.370"/>
  <testcase classname="tests.RegisterTest" name="verifyRegisteringAccountWithoutAnyDetails_Test" time="12.773"/>
  <testcase classname="tests.RegisterTest" name="verifyRegisteringAccountWithYesSelectedForNewsletter_Test" time="17.107"/>
  <testcase classname="tests.RegisterTest" name="verifyRegisteringAccountWithYesSelectedForNewsletter_Test" time="14.461"/>
  <testcase classname="tests.RegisterTest" name="verifyRegisteringAccountWithYesSelectedForNewsletter_Test" time="17.888"/>
  <testcase classname="tests.RegisterTest" name="verifyRegisteringAccountWithNoSelectedForNewsletter_Test" time="19.715"/>
  <testcase classname="tests.RegisterTest" name="verifyRegisteringAccountWithNoSelectedForNewsletter_Test" time="15.569"/>
  <testcase classname="tests.RegisterTest" name="verifyRegisteringAccountWithNoSelectedForNewsletter_Test" time="21.360"/>
  <testcase classname="tests.RegisterTest" name="verifyDiffWaysNavigatingToRegisterAccount_Test" time="17.262"/>
  <testcase classname="tests.RegisterTest" name="verifyDiffWaysNavigatingToRegisterAccount_Test" time="16.580"/>
  <testcase classname="tests.RegisterTest" name="verifyDiffWaysNavigatingToRegisterAccount_Test" time="20.409"/>
  <testcase classname="tests.RegisterTest" name="verifyRegisteringWithDifferentPassAndConfirmPass_Test" time="15.143"/>
  <testcase classname="tests.RegisterTest" name="verifyRegisteringWithDifferentPassAndConfirmPass_Test" time="18.747"/>
  <testcase classname="tests.RegisterTest" name="verifyRegisteringWithDifferentPassAndConfirmPass_Test" time="19.253"/>
  <testcase classname="tests.RegisterTest" name="verifyRegisteringWithExistingDetails_Test" time="12.952"/>
  <testcase classname="tests.RegisterTest" name="verifyRegisteringWithExistingDetails_Test" time="20.146"/>
  <testcase classname="tests.RegisterTest" name="verifyRegisteringWithExistingDetails_Test" time="14.993"/>
  <testcase classname="tests.RegisterTest" name="verifyInvalidEmailTooltipMsgs_Test" time="17.909"/>
  <testcase classname="tests.RegisterTest" name="verifyInvalidEmailTooltipMsgs_Test" time="20.969">
    <skipped/>
  </testcase> <!-- verifyInvalidEmailTooltipMsgs_Test -->
  <testcase classname="tests.RegisterTest" name="verifyInvalidEmailTooltipMsgs_Test" time="20.249"/>
  <testcase classname="tests.RegisterTest" name="verifyInvalidEmailTooltipMsgs_Test" time="18.721">
    <failure message="expected [true] but found [false]" type="java.lang.AssertionError">
      <![CDATA[java.lang.AssertionError: expected [true] but found [false]
at org.testng.Assert.fail(Assert.java:111)
at org.testng.Assert.failNotEquals(Assert.java:1578)
at org.testng.Assert.assertTrue(Assert.java:57)
at org.testng.Assert.assertTrue(Assert.java:67)
at tests.RegisterTest.verifyInvalidEmailTooltipMsgs_Test(RegisterTest.java:154)
at java.base/jdk.internal.reflect.DirectMethodHandleAccessor.invoke(DirectMethodHandleAccessor.java:103)
at java.base/java.lang.reflect.Method.invoke(Method.java:580)
at org.testng.internal.invokers.MethodInvocationHelper.invokeMethod(MethodInvocationHelper.java:141)
at org.testng.internal.invokers.TestInvoker.invokeMethod(TestInvoker.java:686)
at org.testng.internal.invokers.TestInvoker.retryFailed(TestInvoker.java:269)
at org.testng.internal.invokers.MethodRunner.runInSequence(MethodRunner.java:76)
at org.testng.internal.invokers.TestInvoker$MethodInvocationAgent.invoke(TestInvoker.java:992)
at org.testng.internal.invokers.TestInvoker.invokeTestMethods(TestInvoker.java:203)
at org.testng.internal.invokers.TestMethodWorker.invokeTestMethods(TestMethodWorker.java:154)
at org.testng.internal.invokers.TestMethodWorker.run(TestMethodWorker.java:134)
at java.base/java.util.ArrayList.forEach(ArrayList.java:1596)
at org.testng.TestRunner.privateRun(TestRunner.java:739)
at org.testng.TestRunner.run(TestRunner.java:614)
at org.testng.SuiteRunner.runTest(SuiteRunner.java:421)
at org.testng.SuiteRunner$SuiteWorker.run(SuiteRunner.java:463)
at org.testng.internal.thread.ThreadUtil.lambda$execute$0(ThreadUtil.java:64)
at java.base/java.util.concurrent.FutureTask.run(FutureTask.java:317)
at java.base/java.util.concurrent.ThreadPoolExecutor.runWorker(ThreadPoolExecutor.java:1144)
at java.base/java.util.concurrent.ThreadPoolExecutor$Worker.run(ThreadPoolExecutor.java:642)
at java.base/java.lang.Thread.run(Thread.java:1583)
]]>
    </failure>
  </testcase> <!-- verifyInvalidEmailTooltipMsgs_Test -->
  <testcase classname="tests.RegisterTest" name="verifyUserCannotUseInvalidPhoneNumberForRegistration_Test" time="18.135">
    <skipped/>
  </testcase> <!-- verifyUserCannotUseInvalidPhoneNumberForRegistration_Test -->
  <testcase classname="tests.RegisterTest" name="verifyUserCannotUseInvalidPhoneNumberForRegistration_Test" time="22.806">
    <skipped/>
  </testcase> <!-- verifyUserCannotUseInvalidPhoneNumberForRegistration_Test -->
  <testcase classname="tests.RegisterTest" name="verifyUserCannotUseInvalidPhoneNumberForRegistration_Test" time="18.634">
    <skipped/>
  </testcase> <!-- verifyUserCannotUseInvalidPhoneNumberForRegistration_Test -->
  <testcase classname="tests.RegisterTest" name="verifyUserCannotUseInvalidPhoneNumberForRegistration_Test" time="17.542">
    <failure message="did not expect [Your Account Has Been Created!] but found [Your Account Has Been Created!]" type="java.lang.AssertionError">
      <![CDATA[java.lang.AssertionError: did not expect [Your Account Has Been Created!] but found [Your Account Has Been Created!]
at org.testng.Assert.fail(Assert.java:111)
at org.testng.Assert.failEquals(Assert.java:1582)
at org.testng.Assert.assertNotEqualsImpl(Assert.java:157)
at org.testng.Assert.assertNotEquals(Assert.java:2201)
at org.testng.Assert.assertNotEquals(Assert.java:2223)
at tests.RegisterTest.verifyUserCannotUseInvalidPhoneNumberForRegistration_Test(RegisterTest.java:171)
at java.base/jdk.internal.reflect.DirectMethodHandleAccessor.invoke(DirectMethodHandleAccessor.java:103)
at java.base/java.lang.reflect.Method.invoke(Method.java:580)
at org.testng.internal.invokers.MethodInvocationHelper.invokeMethod(MethodInvocationHelper.java:141)
at org.testng.internal.invokers.TestInvoker.invokeMethod(TestInvoker.java:686)
at org.testng.internal.invokers.TestInvoker.retryFailed(TestInvoker.java:269)
at org.testng.internal.invokers.MethodRunner.runInSequence(MethodRunner.java:76)
at org.testng.internal.invokers.TestInvoker$MethodInvocationAgent.invoke(TestInvoker.java:992)
at org.testng.internal.invokers.TestInvoker.invokeTestMethods(TestInvoker.java:203)
at org.testng.internal.invokers.TestMethodWorker.invokeTestMethods(TestMethodWorker.java:154)
at org.testng.internal.invokers.TestMethodWorker.run(TestMethodWorker.java:134)
at java.base/java.util.ArrayList.forEach(ArrayList.java:1596)
at org.testng.TestRunner.privateRun(TestRunner.java:739)
at org.testng.TestRunner.run(TestRunner.java:614)
at org.testng.SuiteRunner.runTest(SuiteRunner.java:421)
at org.testng.SuiteRunner$SuiteWorker.run(SuiteRunner.java:463)
at org.testng.internal.thread.ThreadUtil.lambda$execute$0(ThreadUtil.java:64)
at java.base/java.util.concurrent.FutureTask.run(FutureTask.java:317)
at java.base/java.util.concurrent.ThreadPoolExecutor.runWorker(ThreadPoolExecutor.java:1144)
at java.base/java.util.concurrent.ThreadPoolExecutor$Worker.run(ThreadPoolExecutor.java:642)
at java.base/java.lang.Thread.run(Thread.java:1583)
]]>
    </failure>
  </testcase> <!-- verifyUserCannotUseInvalidPhoneNumberForRegistration_Test -->
  <testcase classname="tests.RegisterTest" name="verifyUserCannotUseInvalidPhoneNumberForRegistration_Test" time="19.350">
    <failure message="did not expect [Your Account Has Been Created!] but found [Your Account Has Been Created!]" type="java.lang.AssertionError">
      <![CDATA[java.lang.AssertionError: did not expect [Your Account Has Been Created!] but found [Your Account Has Been Created!]
at org.testng.Assert.fail(Assert.java:111)
at org.testng.Assert.failEquals(Assert.java:1582)
at org.testng.Assert.assertNotEqualsImpl(Assert.java:157)
at org.testng.Assert.assertNotEquals(Assert.java:2201)
at org.testng.Assert.assertNotEquals(Assert.java:2223)
at tests.RegisterTest.verifyUserCannotUseInvalidPhoneNumberForRegistration_Test(RegisterTest.java:171)
at java.base/jdk.internal.reflect.DirectMethodHandleAccessor.invoke(DirectMethodHandleAccessor.java:103)
at java.base/java.lang.reflect.Method.invoke(Method.java:580)
at org.testng.internal.invokers.MethodInvocationHelper.invokeMethod(MethodInvocationHelper.java:141)
at org.testng.internal.invokers.TestInvoker.invokeMethod(TestInvoker.java:686)
at org.testng.internal.invokers.TestInvoker.retryFailed(TestInvoker.java:269)
at org.testng.internal.invokers.MethodRunner.runInSequence(MethodRunner.java:76)
at org.testng.internal.invokers.TestInvoker$MethodInvocationAgent.invoke(TestInvoker.java:992)
at org.testng.internal.invokers.TestInvoker.invokeTestMethods(TestInvoker.java:203)
at org.testng.internal.invokers.TestMethodWorker.invokeTestMethods(TestMethodWorker.java:154)
at org.testng.internal.invokers.TestMethodWorker.run(TestMethodWorker.java:134)
at java.base/java.util.ArrayList.forEach(ArrayList.java:1596)
at org.testng.TestRunner.privateRun(TestRunner.java:739)
at org.testng.TestRunner.run(TestRunner.java:614)
at org.testng.SuiteRunner.runTest(SuiteRunner.java:421)
at org.testng.SuiteRunner$SuiteWorker.run(SuiteRunner.java:463)
at org.testng.internal.thread.ThreadUtil.lambda$execute$0(ThreadUtil.java:64)
at java.base/java.util.concurrent.FutureTask.run(FutureTask.java:317)
at java.base/java.util.concurrent.ThreadPoolExecutor.runWorker(ThreadPoolExecutor.java:1144)
at java.base/java.util.concurrent.ThreadPoolExecutor$Worker.run(ThreadPoolExecutor.java:642)
at java.base/java.lang.Thread.run(Thread.java:1583)
]]>
    </failure>
  </testcase> <!-- verifyUserCannotUseInvalidPhoneNumberForRegistration_Test -->
  <testcase classname="tests.RegisterTest" name="verifyUserCannotUseInvalidPhoneNumberForRegistration_Test" time="20.512">
    <skipped/>
  </testcase> <!-- verifyUserCannotUseInvalidPhoneNumberForRegistration_Test -->
  <testcase classname="tests.RegisterTest" name="verifyUserCannotUseInvalidPhoneNumberForRegistration_Test" time="18.201">
    <failure message="did not expect [Your Account Has Been Created!] but found [Your Account Has Been Created!]" type="java.lang.AssertionError">
      <![CDATA[java.lang.AssertionError: did not expect [Your Account Has Been Created!] but found [Your Account Has Been Created!]
at org.testng.Assert.fail(Assert.java:111)
at org.testng.Assert.failEquals(Assert.java:1582)
at org.testng.Assert.assertNotEqualsImpl(Assert.java:157)
at org.testng.Assert.assertNotEquals(Assert.java:2201)
at org.testng.Assert.assertNotEquals(Assert.java:2223)
at tests.RegisterTest.verifyUserCannotUseInvalidPhoneNumberForRegistration_Test(RegisterTest.java:171)
at java.base/jdk.internal.reflect.DirectMethodHandleAccessor.invoke(DirectMethodHandleAccessor.java:103)
at java.base/java.lang.reflect.Method.invoke(Method.java:580)
at org.testng.internal.invokers.MethodInvocationHelper.invokeMethod(MethodInvocationHelper.java:141)
at org.testng.internal.invokers.TestInvoker.invokeMethod(TestInvoker.java:686)
at org.testng.internal.invokers.TestInvoker.retryFailed(TestInvoker.java:269)
at org.testng.internal.invokers.MethodRunner.runInSequence(MethodRunner.java:76)
at org.testng.internal.invokers.TestInvoker$MethodInvocationAgent.invoke(TestInvoker.java:992)
at org.testng.internal.invokers.TestInvoker.invokeTestMethods(TestInvoker.java:203)
at org.testng.internal.invokers.TestMethodWorker.invokeTestMethods(TestMethodWorker.java:154)
at org.testng.internal.invokers.TestMethodWorker.run(TestMethodWorker.java:134)
at java.base/java.util.ArrayList.forEach(ArrayList.java:1596)
at org.testng.TestRunner.privateRun(TestRunner.java:739)
at org.testng.TestRunner.run(TestRunner.java:614)
at org.testng.SuiteRunner.runTest(SuiteRunner.java:421)
at org.testng.SuiteRunner$SuiteWorker.run(SuiteRunner.java:463)
at org.testng.internal.thread.ThreadUtil.lambda$execute$0(ThreadUtil.java:64)
at java.base/java.util.concurrent.FutureTask.run(FutureTask.java:317)
at java.base/java.util.concurrent.ThreadPoolExecutor.runWorker(ThreadPoolExecutor.java:1144)
at java.base/java.util.concurrent.ThreadPoolExecutor$Worker.run(ThreadPoolExecutor.java:642)
at java.base/java.lang.Thread.run(Thread.java:1583)
]]>
    </failure>
  </testcase> <!-- verifyUserCannotUseInvalidPhoneNumberForRegistration_Test -->
  <testcase classname="tests.RegisterTest" name="verifyUserCannotUseInvalidPhoneNumberForRegistration_Test" time="20.228">
    <skipped/>
  </testcase> <!-- verifyUserCannotUseInvalidPhoneNumberForRegistration_Test -->
  <testcase classname="tests.RegisterTest" name="verifyUserCannotUseInvalidPhoneNumberForRegistration_Test" time="15.636">
    <failure message="did not expect [Your Account Has Been Created!] but found [Your Account Has Been Created!]" type="java.lang.AssertionError">
      <![CDATA[java.lang.AssertionError: did not expect [Your Account Has Been Created!] but found [Your Account Has Been Created!]
at org.testng.Assert.fail(Assert.java:111)
at org.testng.Assert.failEquals(Assert.java:1582)
at org.testng.Assert.assertNotEqualsImpl(Assert.java:157)
at org.testng.Assert.assertNotEquals(Assert.java:2201)
at org.testng.Assert.assertNotEquals(Assert.java:2223)
at tests.RegisterTest.verifyUserCannotUseInvalidPhoneNumberForRegistration_Test(RegisterTest.java:171)
at java.base/jdk.internal.reflect.DirectMethodHandleAccessor.invoke(DirectMethodHandleAccessor.java:103)
at java.base/java.lang.reflect.Method.invoke(Method.java:580)
at org.testng.internal.invokers.MethodInvocationHelper.invokeMethod(MethodInvocationHelper.java:141)
at org.testng.internal.invokers.TestInvoker.invokeMethod(TestInvoker.java:686)
at org.testng.internal.invokers.TestInvoker.retryFailed(TestInvoker.java:269)
at org.testng.internal.invokers.MethodRunner.runInSequence(MethodRunner.java:76)
at org.testng.internal.invokers.TestInvoker$MethodInvocationAgent.invoke(TestInvoker.java:992)
at org.testng.internal.invokers.TestInvoker.invokeTestMethods(TestInvoker.java:203)
at org.testng.internal.invokers.TestMethodWorker.invokeTestMethods(TestMethodWorker.java:154)
at org.testng.internal.invokers.TestMethodWorker.run(TestMethodWorker.java:134)
at java.base/java.util.ArrayList.forEach(ArrayList.java:1596)
at org.testng.TestRunner.privateRun(TestRunner.java:739)
at org.testng.TestRunner.run(TestRunner.java:614)
at org.testng.SuiteRunner.runTest(SuiteRunner.java:421)
at org.testng.SuiteRunner$SuiteWorker.run(SuiteRunner.java:463)
at org.testng.internal.thread.ThreadUtil.lambda$execute$0(ThreadUtil.java:64)
at java.base/java.util.concurrent.FutureTask.run(FutureTask.java:317)
at java.base/java.util.concurrent.ThreadPoolExecutor.runWorker(ThreadPoolExecutor.java:1144)
at java.base/java.util.concurrent.ThreadPoolExecutor$Worker.run(ThreadPoolExecutor.java:642)
at java.base/java.lang.Thread.run(Thread.java:1583)
]]>
    </failure>
  </testcase> <!-- verifyUserCannotUseInvalidPhoneNumberForRegistration_Test -->
  <testcase classname="tests.RegisterTest" name="verifyUserCannotUseInvalidPhoneNumberForRegistration_Test" time="15.498">
    <failure message="did not expect [Your Account Has Been Created!] but found [Your Account Has Been Created!]" type="java.lang.AssertionError">
      <![CDATA[java.lang.AssertionError: did not expect [Your Account Has Been Created!] but found [Your Account Has Been Created!]
at org.testng.Assert.fail(Assert.java:111)
at org.testng.Assert.failEquals(Assert.java:1582)
at org.testng.Assert.assertNotEqualsImpl(Assert.java:157)
at org.testng.Assert.assertNotEquals(Assert.java:2201)
at org.testng.Assert.assertNotEquals(Assert.java:2223)
at tests.RegisterTest.verifyUserCannotUseInvalidPhoneNumberForRegistration_Test(RegisterTest.java:171)
at java.base/jdk.internal.reflect.DirectMethodHandleAccessor.invoke(DirectMethodHandleAccessor.java:103)
at java.base/java.lang.reflect.Method.invoke(Method.java:580)
at org.testng.internal.invokers.MethodInvocationHelper.invokeMethod(MethodInvocationHelper.java:141)
at org.testng.internal.invokers.TestInvoker.invokeMethod(TestInvoker.java:686)
at org.testng.internal.invokers.TestInvoker.retryFailed(TestInvoker.java:269)
at org.testng.internal.invokers.MethodRunner.runInSequence(MethodRunner.java:76)
at org.testng.internal.invokers.TestInvoker$MethodInvocationAgent.invoke(TestInvoker.java:992)
at org.testng.internal.invokers.TestInvoker.invokeTestMethods(TestInvoker.java:203)
at org.testng.internal.invokers.TestMethodWorker.invokeTestMethods(TestMethodWorker.java:154)
at org.testng.internal.invokers.TestMethodWorker.run(TestMethodWorker.java:134)
at java.base/java.util.ArrayList.forEach(ArrayList.java:1596)
at org.testng.TestRunner.privateRun(TestRunner.java:739)
at org.testng.TestRunner.run(TestRunner.java:614)
at org.testng.SuiteRunner.runTest(SuiteRunner.java:421)
at org.testng.SuiteRunner$SuiteWorker.run(SuiteRunner.java:463)
at org.testng.internal.thread.ThreadUtil.lambda$execute$0(ThreadUtil.java:64)
at java.base/java.util.concurrent.FutureTask.run(FutureTask.java:317)
at java.base/java.util.concurrent.ThreadPoolExecutor.runWorker(ThreadPoolExecutor.java:1144)
at java.base/java.util.concurrent.ThreadPoolExecutor$Worker.run(ThreadPoolExecutor.java:642)
at java.base/java.lang.Thread.run(Thread.java:1583)
]]>
    </failure>
  </testcase> <!-- verifyUserCannotUseInvalidPhoneNumberForRegistration_Test -->
  <testcase classname="tests.RegisterTest" name="verifyUserCannotUseInvalidPhoneNumberForRegistration_Test" time="16.723">
    <skipped/>
  </testcase> <!-- verifyUserCannotUseInvalidPhoneNumberForRegistration_Test -->
  <testcase classname="tests.RegisterTest" name="verifyUserCannotUseInvalidPhoneNumberForRegistration_Test" time="22.094">
    <failure message="did not expect [Your Account Has Been Created!] but found [Your Account Has Been Created!]" type="java.lang.AssertionError">
      <![CDATA[java.lang.AssertionError: did not expect [Your Account Has Been Created!] but found [Your Account Has Been Created!]
at org.testng.Assert.fail(Assert.java:111)
at org.testng.Assert.failEquals(Assert.java:1582)
at org.testng.Assert.assertNotEqualsImpl(Assert.java:157)
at org.testng.Assert.assertNotEquals(Assert.java:2201)
at org.testng.Assert.assertNotEquals(Assert.java:2223)
at tests.RegisterTest.verifyUserCannotUseInvalidPhoneNumberForRegistration_Test(RegisterTest.java:171)
at java.base/jdk.internal.reflect.DirectMethodHandleAccessor.invoke(DirectMethodHandleAccessor.java:103)
at java.base/java.lang.reflect.Method.invoke(Method.java:580)
at org.testng.internal.invokers.MethodInvocationHelper.invokeMethod(MethodInvocationHelper.java:141)
at org.testng.internal.invokers.TestInvoker.invokeMethod(TestInvoker.java:686)
at org.testng.internal.invokers.TestInvoker.retryFailed(TestInvoker.java:269)
at org.testng.internal.invokers.MethodRunner.runInSequence(MethodRunner.java:76)
at org.testng.internal.invokers.TestInvoker$MethodInvocationAgent.invoke(TestInvoker.java:992)
at org.testng.internal.invokers.TestInvoker.invokeTestMethods(TestInvoker.java:203)
at org.testng.internal.invokers.TestMethodWorker.invokeTestMethods(TestMethodWorker.java:154)
at org.testng.internal.invokers.TestMethodWorker.run(TestMethodWorker.java:134)
at java.base/java.util.ArrayList.forEach(ArrayList.java:1596)
at org.testng.TestRunner.privateRun(TestRunner.java:739)
at org.testng.TestRunner.run(TestRunner.java:614)
at org.testng.SuiteRunner.runTest(SuiteRunner.java:421)
at org.testng.SuiteRunner$SuiteWorker.run(SuiteRunner.java:463)
at org.testng.internal.thread.ThreadUtil.lambda$execute$0(ThreadUtil.java:64)
at java.base/java.util.concurrent.FutureTask.run(FutureTask.java:317)
at java.base/java.util.concurrent.ThreadPoolExecutor.runWorker(ThreadPoolExecutor.java:1144)
at java.base/java.util.concurrent.ThreadPoolExecutor$Worker.run(ThreadPoolExecutor.java:642)
at java.base/java.lang.Thread.run(Thread.java:1583)
]]>
    </failure>
  </testcase> <!-- verifyUserCannotUseInvalidPhoneNumberForRegistration_Test -->
  <testcase classname="tests.RegisterTest" name="verifyUserCannotUseInvalidPhoneNumberForRegistration_Test" time="25.689">
    <failure message="did not expect [Your Account Has Been Created!] but found [Your Account Has Been Created!]" type="java.lang.AssertionError">
      <![CDATA[java.lang.AssertionError: did not expect [Your Account Has Been Created!] but found [Your Account Has Been Created!]
at org.testng.Assert.fail(Assert.java:111)
at org.testng.Assert.failEquals(Assert.java:1582)
at org.testng.Assert.assertNotEqualsImpl(Assert.java:157)
at org.testng.Assert.assertNotEquals(Assert.java:2201)
at org.testng.Assert.assertNotEquals(Assert.java:2223)
at tests.RegisterTest.verifyUserCannotUseInvalidPhoneNumberForRegistration_Test(RegisterTest.java:171)
at java.base/jdk.internal.reflect.DirectMethodHandleAccessor.invoke(DirectMethodHandleAccessor.java:103)
at java.base/java.lang.reflect.Method.invoke(Method.java:580)
at org.testng.internal.invokers.MethodInvocationHelper.invokeMethod(MethodInvocationHelper.java:141)
at org.testng.internal.invokers.TestInvoker.invokeMethod(TestInvoker.java:686)
at org.testng.internal.invokers.TestInvoker.retryFailed(TestInvoker.java:269)
at org.testng.internal.invokers.MethodRunner.runInSequence(MethodRunner.java:76)
at org.testng.internal.invokers.TestInvoker$MethodInvocationAgent.invoke(TestInvoker.java:992)
at org.testng.internal.invokers.TestInvoker.invokeTestMethods(TestInvoker.java:203)
at org.testng.internal.invokers.TestMethodWorker.invokeTestMethods(TestMethodWorker.java:154)
at org.testng.internal.invokers.TestMethodWorker.run(TestMethodWorker.java:134)
at java.base/java.util.ArrayList.forEach(ArrayList.java:1596)
at org.testng.TestRunner.privateRun(TestRunner.java:739)
at org.testng.TestRunner.run(TestRunner.java:614)
at org.testng.SuiteRunner.runTest(SuiteRunner.java:421)
at org.testng.SuiteRunner$SuiteWorker.run(SuiteRunner.java:463)
at org.testng.internal.thread.ThreadUtil.lambda$execute$0(ThreadUtil.java:64)
at java.base/java.util.concurrent.FutureTask.run(FutureTask.java:317)
at java.base/java.util.concurrent.ThreadPoolExecutor.runWorker(ThreadPoolExecutor.java:1144)
at java.base/java.util.concurrent.ThreadPoolExecutor$Worker.run(ThreadPoolExecutor.java:642)
at java.base/java.lang.Thread.run(Thread.java:1583)
]]>
    </failure>
  </testcase> <!-- verifyUserCannotUseInvalidPhoneNumberForRegistration_Test -->
  <testcase classname="tests.RegisterTest" name="verifyUserCannotUseInvalidPhoneNumberForRegistration_Test" time="18.808">
    <skipped/>
  </testcase> <!-- verifyUserCannotUseInvalidPhoneNumberForRegistration_Test -->
  <testcase classname="tests.RegisterTest" name="verifyUserCannotUseInvalidPhoneNumberForRegistration_Test" time="18.342">
    <failure message="did not expect [Your Account Has Been Created!] but found [Your Account Has Been Created!]" type="java.lang.AssertionError">
      <![CDATA[java.lang.AssertionError: did not expect [Your Account Has Been Created!] but found [Your Account Has Been Created!]
at org.testng.Assert.fail(Assert.java:111)
at org.testng.Assert.failEquals(Assert.java:1582)
at org.testng.Assert.assertNotEqualsImpl(Assert.java:157)
at org.testng.Assert.assertNotEquals(Assert.java:2201)
at org.testng.Assert.assertNotEquals(Assert.java:2223)
at tests.RegisterTest.verifyUserCannotUseInvalidPhoneNumberForRegistration_Test(RegisterTest.java:171)
at java.base/jdk.internal.reflect.DirectMethodHandleAccessor.invoke(DirectMethodHandleAccessor.java:103)
at java.base/java.lang.reflect.Method.invoke(Method.java:580)
at org.testng.internal.invokers.MethodInvocationHelper.invokeMethod(MethodInvocationHelper.java:141)
at org.testng.internal.invokers.TestInvoker.invokeMethod(TestInvoker.java:686)
at org.testng.internal.invokers.TestInvoker.retryFailed(TestInvoker.java:269)
at org.testng.internal.invokers.MethodRunner.runInSequence(MethodRunner.java:76)
at org.testng.internal.invokers.TestInvoker$MethodInvocationAgent.invoke(TestInvoker.java:992)
at org.testng.internal.invokers.TestInvoker.invokeTestMethods(TestInvoker.java:203)
at org.testng.internal.invokers.TestMethodWorker.invokeTestMethods(TestMethodWorker.java:154)
at org.testng.internal.invokers.TestMethodWorker.run(TestMethodWorker.java:134)
at java.base/java.util.ArrayList.forEach(ArrayList.java:1596)
at org.testng.TestRunner.privateRun(TestRunner.java:739)
at org.testng.TestRunner.run(TestRunner.java:614)
at org.testng.SuiteRunner.runTest(SuiteRunner.java:421)
at org.testng.SuiteRunner$SuiteWorker.run(SuiteRunner.java:463)
at org.testng.internal.thread.ThreadUtil.lambda$execute$0(ThreadUtil.java:64)
at java.base/java.util.concurrent.FutureTask.run(FutureTask.java:317)
at java.base/java.util.concurrent.ThreadPoolExecutor.runWorker(ThreadPoolExecutor.java:1144)
at java.base/java.util.concurrent.ThreadPoolExecutor$Worker.run(ThreadPoolExecutor.java:642)
at java.base/java.lang.Thread.run(Thread.java:1583)
]]>
    </failure>
  </testcase> <!-- verifyUserCannotUseInvalidPhoneNumberForRegistration_Test -->
  <testcase classname="tests.RegisterTest" name="verifyUserCannotUseInvalidPhoneNumberForRegistration_Test" time="20.386">
    <failure message="did not expect [Your Account Has Been Created!] but found [Your Account Has Been Created!]" type="java.lang.AssertionError">
      <![CDATA[java.lang.AssertionError: did not expect [Your Account Has Been Created!] but found [Your Account Has Been Created!]
at org.testng.Assert.fail(Assert.java:111)
at org.testng.Assert.failEquals(Assert.java:1582)
at org.testng.Assert.assertNotEqualsImpl(Assert.java:157)
at org.testng.Assert.assertNotEquals(Assert.java:2201)
at org.testng.Assert.assertNotEquals(Assert.java:2223)
at tests.RegisterTest.verifyUserCannotUseInvalidPhoneNumberForRegistration_Test(RegisterTest.java:171)
at java.base/jdk.internal.reflect.DirectMethodHandleAccessor.invoke(DirectMethodHandleAccessor.java:103)
at java.base/java.lang.reflect.Method.invoke(Method.java:580)
at org.testng.internal.invokers.MethodInvocationHelper.invokeMethod(MethodInvocationHelper.java:141)
at org.testng.internal.invokers.TestInvoker.invokeMethod(TestInvoker.java:686)
at org.testng.internal.invokers.TestInvoker.retryFailed(TestInvoker.java:269)
at org.testng.internal.invokers.MethodRunner.runInSequence(MethodRunner.java:76)
at org.testng.internal.invokers.TestInvoker$MethodInvocationAgent.invoke(TestInvoker.java:992)
at org.testng.internal.invokers.TestInvoker.invokeTestMethods(TestInvoker.java:203)
at org.testng.internal.invokers.TestMethodWorker.invokeTestMethods(TestMethodWorker.java:154)
at org.testng.internal.invokers.TestMethodWorker.run(TestMethodWorker.java:134)
at java.base/java.util.ArrayList.forEach(ArrayList.java:1596)
at org.testng.TestRunner.privateRun(TestRunner.java:739)
at org.testng.TestRunner.run(TestRunner.java:614)
at org.testng.SuiteRunner.runTest(SuiteRunner.java:421)
at org.testng.SuiteRunner$SuiteWorker.run(SuiteRunner.java:463)
at org.testng.internal.thread.ThreadUtil.lambda$execute$0(ThreadUtil.java:64)
at java.base/java.util.concurrent.FutureTask.run(FutureTask.java:317)
at java.base/java.util.concurrent.ThreadPoolExecutor.runWorker(ThreadPoolExecutor.java:1144)
at java.base/java.util.concurrent.ThreadPoolExecutor$Worker.run(ThreadPoolExecutor.java:642)
at java.base/java.lang.Thread.run(Thread.java:1583)
]]>
    </failure>
  </testcase> <!-- verifyUserCannotUseInvalidPhoneNumberForRegistration_Test -->
  <testcase classname="tests.RegisterTest" name="verifyUserCannotUseInvalidPhoneNumberForRegistration_Test" time="19.069">
    <failure message="did not expect [Your Account Has Been Created!] but found [Your Account Has Been Created!]" type="java.lang.AssertionError">
      <![CDATA[java.lang.AssertionError: did not expect [Your Account Has Been Created!] but found [Your Account Has Been Created!]
at org.testng.Assert.fail(Assert.java:111)
at org.testng.Assert.failEquals(Assert.java:1582)
at org.testng.Assert.assertNotEqualsImpl(Assert.java:157)
at org.testng.Assert.assertNotEquals(Assert.java:2201)
at org.testng.Assert.assertNotEquals(Assert.java:2223)
at tests.RegisterTest.verifyUserCannotUseInvalidPhoneNumberForRegistration_Test(RegisterTest.java:171)
at java.base/jdk.internal.reflect.DirectMethodHandleAccessor.invoke(DirectMethodHandleAccessor.java:103)
at java.base/java.lang.reflect.Method.invoke(Method.java:580)
at org.testng.internal.invokers.MethodInvocationHelper.invokeMethod(MethodInvocationHelper.java:141)
at org.testng.internal.invokers.TestInvoker.invokeMethod(TestInvoker.java:686)
at org.testng.internal.invokers.TestInvoker.retryFailed(TestInvoker.java:269)
at org.testng.internal.invokers.MethodRunner.runInSequence(MethodRunner.java:76)
at org.testng.internal.invokers.TestInvoker$MethodInvocationAgent.invoke(TestInvoker.java:992)
at org.testng.internal.invokers.TestInvoker.invokeTestMethods(TestInvoker.java:203)
at org.testng.internal.invokers.TestMethodWorker.invokeTestMethods(TestMethodWorker.java:154)
at org.testng.internal.invokers.TestMethodWorker.run(TestMethodWorker.java:134)
at java.base/java.util.ArrayList.forEach(ArrayList.java:1596)
at org.testng.TestRunner.privateRun(TestRunner.java:739)
at org.testng.TestRunner.run(TestRunner.java:614)
at org.testng.SuiteRunner.runTest(SuiteRunner.java:421)
at org.testng.SuiteRunner$SuiteWorker.run(SuiteRunner.java:463)
at org.testng.internal.thread.ThreadUtil.lambda$execute$0(ThreadUtil.java:64)
at java.base/java.util.concurrent.FutureTask.run(FutureTask.java:317)
at java.base/java.util.concurrent.ThreadPoolExecutor.runWorker(ThreadPoolExecutor.java:1144)
at java.base/java.util.concurrent.ThreadPoolExecutor$Worker.run(ThreadPoolExecutor.java:642)
at java.base/java.lang.Thread.run(Thread.java:1583)
]]>
    </failure>
  </testcase> <!-- verifyUserCannotUseInvalidPhoneNumberForRegistration_Test -->
  <testcase classname="tests.RegisterTest" name="verifyUserCannotUseInvalidPhoneNumberForRegistration_Test" time="14.400">
    <failure message="did not expect [Your Account Has Been Created!] but found [Your Account Has Been Created!]" type="java.lang.AssertionError">
      <![CDATA[java.lang.AssertionError: did not expect [Your Account Has Been Created!] but found [Your Account Has Been Created!]
at org.testng.Assert.fail(Assert.java:111)
at org.testng.Assert.failEquals(Assert.java:1582)
at org.testng.Assert.assertNotEqualsImpl(Assert.java:157)
at org.testng.Assert.assertNotEquals(Assert.java:2201)
at org.testng.Assert.assertNotEquals(Assert.java:2223)
at tests.RegisterTest.verifyUserCannotUseInvalidPhoneNumberForRegistration_Test(RegisterTest.java:171)
at java.base/jdk.internal.reflect.DirectMethodHandleAccessor.invoke(DirectMethodHandleAccessor.java:103)
at java.base/java.lang.reflect.Method.invoke(Method.java:580)
at org.testng.internal.invokers.MethodInvocationHelper.invokeMethod(MethodInvocationHelper.java:141)
at org.testng.internal.invokers.TestInvoker.invokeMethod(TestInvoker.java:686)
at org.testng.internal.invokers.TestInvoker.retryFailed(TestInvoker.java:269)
at org.testng.internal.invokers.MethodRunner.runInSequence(MethodRunner.java:76)
at org.testng.internal.invokers.TestInvoker$MethodInvocationAgent.invoke(TestInvoker.java:992)
at org.testng.internal.invokers.TestInvoker.invokeTestMethods(TestInvoker.java:203)
at org.testng.internal.invokers.TestMethodWorker.invokeTestMethods(TestMethodWorker.java:154)
at org.testng.internal.invokers.TestMethodWorker.run(TestMethodWorker.java:134)
at java.base/java.util.ArrayList.forEach(ArrayList.java:1596)
at org.testng.TestRunner.privateRun(TestRunner.java:739)
at org.testng.TestRunner.run(TestRunner.java:614)
at org.testng.SuiteRunner.runTest(SuiteRunner.java:421)
at org.testng.SuiteRunner$SuiteWorker.run(SuiteRunner.java:463)
at org.testng.internal.thread.ThreadUtil.lambda$execute$0(ThreadUtil.java:64)
at java.base/java.util.concurrent.FutureTask.run(FutureTask.java:317)
at java.base/java.util.concurrent.ThreadPoolExecutor.runWorker(ThreadPoolExecutor.java:1144)
at java.base/java.util.concurrent.ThreadPoolExecutor$Worker.run(ThreadPoolExecutor.java:642)
at java.base/java.lang.Thread.run(Thread.java:1583)
]]>
    </failure>
  </testcase> <!-- verifyUserCannotUseInvalidPhoneNumberForRegistration_Test -->
  <testcase classname="tests.RegisterTest" name="verifyUserCannotUseInvalidPhoneNumberForRegistration_Test" time="23.987">
    <failure message="did not expect [Your Account Has Been Created!] but found [Your Account Has Been Created!]" type="java.lang.AssertionError">
      <![CDATA[java.lang.AssertionError: did not expect [Your Account Has Been Created!] but found [Your Account Has Been Created!]
at org.testng.Assert.fail(Assert.java:111)
at org.testng.Assert.failEquals(Assert.java:1582)
at org.testng.Assert.assertNotEqualsImpl(Assert.java:157)
at org.testng.Assert.assertNotEquals(Assert.java:2201)
at org.testng.Assert.assertNotEquals(Assert.java:2223)
at tests.RegisterTest.verifyUserCannotUseInvalidPhoneNumberForRegistration_Test(RegisterTest.java:171)
at java.base/jdk.internal.reflect.DirectMethodHandleAccessor.invoke(DirectMethodHandleAccessor.java:103)
at java.base/java.lang.reflect.Method.invoke(Method.java:580)
at org.testng.internal.invokers.MethodInvocationHelper.invokeMethod(MethodInvocationHelper.java:141)
at org.testng.internal.invokers.TestInvoker.invokeMethod(TestInvoker.java:686)
at org.testng.internal.invokers.TestInvoker.retryFailed(TestInvoker.java:269)
at org.testng.internal.invokers.MethodRunner.runInSequence(MethodRunner.java:76)
at org.testng.internal.invokers.TestInvoker$MethodInvocationAgent.invoke(TestInvoker.java:992)
at org.testng.internal.invokers.TestInvoker.invokeTestMethods(TestInvoker.java:203)
at org.testng.internal.invokers.TestMethodWorker.invokeTestMethods(TestMethodWorker.java:154)
at org.testng.internal.invokers.TestMethodWorker.run(TestMethodWorker.java:134)
at java.base/java.util.ArrayList.forEach(ArrayList.java:1596)
at org.testng.TestRunner.privateRun(TestRunner.java:739)
at org.testng.TestRunner.run(TestRunner.java:614)
at org.testng.SuiteRunner.runTest(SuiteRunner.java:421)
at org.testng.SuiteRunner$SuiteWorker.run(SuiteRunner.java:463)
at org.testng.internal.thread.ThreadUtil.lambda$execute$0(ThreadUtil.java:64)
at java.base/java.util.concurrent.FutureTask.run(FutureTask.java:317)
at java.base/java.util.concurrent.ThreadPoolExecutor.runWorker(ThreadPoolExecutor.java:1144)
at java.base/java.util.concurrent.ThreadPoolExecutor$Worker.run(ThreadPoolExecutor.java:642)
at java.base/java.lang.Thread.run(Thread.java:1583)
]]>
    </failure>
  </testcase> <!-- verifyUserCannotUseInvalidPhoneNumberForRegistration_Test -->
  <testcase classname="tests.RegisterTest" name="verifyUserCannotUseInvalidPhoneNumberForRegistration_Test" time="20.732">
    <failure message="did not expect [Your Account Has Been Created!] but found [Your Account Has Been Created!]" type="java.lang.AssertionError">
      <![CDATA[java.lang.AssertionError: did not expect [Your Account Has Been Created!] but found [Your Account Has Been Created!]
at org.testng.Assert.fail(Assert.java:111)
at org.testng.Assert.failEquals(Assert.java:1582)
at org.testng.Assert.assertNotEqualsImpl(Assert.java:157)
at org.testng.Assert.assertNotEquals(Assert.java:2201)
at org.testng.Assert.assertNotEquals(Assert.java:2223)
at tests.RegisterTest.verifyUserCannotUseInvalidPhoneNumberForRegistration_Test(RegisterTest.java:171)
at java.base/jdk.internal.reflect.DirectMethodHandleAccessor.invoke(DirectMethodHandleAccessor.java:103)
at java.base/java.lang.reflect.Method.invoke(Method.java:580)
at org.testng.internal.invokers.MethodInvocationHelper.invokeMethod(MethodInvocationHelper.java:141)
at org.testng.internal.invokers.TestInvoker.invokeMethod(TestInvoker.java:686)
at org.testng.internal.invokers.TestInvoker.retryFailed(TestInvoker.java:269)
at org.testng.internal.invokers.MethodRunner.runInSequence(MethodRunner.java:76)
at org.testng.internal.invokers.TestInvoker$MethodInvocationAgent.invoke(TestInvoker.java:992)
at org.testng.internal.invokers.TestInvoker.invokeTestMethods(TestInvoker.java:203)
at org.testng.internal.invokers.TestMethodWorker.invokeTestMethods(TestMethodWorker.java:154)
at org.testng.internal.invokers.TestMethodWorker.run(TestMethodWorker.java:134)
at java.base/java.util.ArrayList.forEach(ArrayList.java:1596)
at org.testng.TestRunner.privateRun(TestRunner.java:739)
at org.testng.TestRunner.run(TestRunner.java:614)
at org.testng.SuiteRunner.runTest(SuiteRunner.java:421)
at org.testng.SuiteRunner$SuiteWorker.run(SuiteRunner.java:463)
at org.testng.internal.thread.ThreadUtil.lambda$execute$0(ThreadUtil.java:64)
at java.base/java.util.concurrent.FutureTask.run(FutureTask.java:317)
at java.base/java.util.concurrent.ThreadPoolExecutor.runWorker(ThreadPoolExecutor.java:1144)
at java.base/java.util.concurrent.ThreadPoolExecutor$Worker.run(ThreadPoolExecutor.java:642)
at java.base/java.lang.Thread.run(Thread.java:1583)
]]>
    </failure>
  </testcase> <!-- verifyUserCannotUseInvalidPhoneNumberForRegistration_Test -->
  <testcase classname="tests.RegisterTest" name="verifyUserCannotUseInvalidPhoneNumberForRegistration_Test" time="16.079">
    <skipped/>
  </testcase> <!-- verifyUserCannotUseInvalidPhoneNumberForRegistration_Test -->
  <testcase classname="tests.RegisterTest" name="verifyUserCannotUseInvalidPhoneNumberForRegistration_Test" time="19.292">
    <skipped/>
  </testcase> <!-- verifyUserCannotUseInvalidPhoneNumberForRegistration_Test -->
  <testcase classname="tests.RegisterTest" name="verifyUserCannotUseInvalidPhoneNumberForRegistration_Test" time="19.039">
    <skipped/>
  </testcase> <!-- verifyUserCannotUseInvalidPhoneNumberForRegistration_Test -->
  <testcase classname="tests.RegisterTest" name="verifyUserCannotUseInvalidPhoneNumberForRegistration_Test" time="18.620">
    <failure message="did not expect [Your Account Has Been Created!] but found [Your Account Has Been Created!]" type="java.lang.AssertionError">
      <![CDATA[java.lang.AssertionError: did not expect [Your Account Has Been Created!] but found [Your Account Has Been Created!]
at org.testng.Assert.fail(Assert.java:111)
at org.testng.Assert.failEquals(Assert.java:1582)
at org.testng.Assert.assertNotEqualsImpl(Assert.java:157)
at org.testng.Assert.assertNotEquals(Assert.java:2201)
at org.testng.Assert.assertNotEquals(Assert.java:2223)
at tests.RegisterTest.verifyUserCannotUseInvalidPhoneNumberForRegistration_Test(RegisterTest.java:171)
at java.base/jdk.internal.reflect.DirectMethodHandleAccessor.invoke(DirectMethodHandleAccessor.java:103)
at java.base/java.lang.reflect.Method.invoke(Method.java:580)
at org.testng.internal.invokers.MethodInvocationHelper.invokeMethod(MethodInvocationHelper.java:141)
at org.testng.internal.invokers.TestInvoker.invokeMethod(TestInvoker.java:686)
at org.testng.internal.invokers.TestInvoker.retryFailed(TestInvoker.java:269)
at org.testng.internal.invokers.MethodRunner.runInSequence(MethodRunner.java:76)
at org.testng.internal.invokers.TestInvoker$MethodInvocationAgent.invoke(TestInvoker.java:992)
at org.testng.internal.invokers.TestInvoker.invokeTestMethods(TestInvoker.java:203)
at org.testng.internal.invokers.TestMethodWorker.invokeTestMethods(TestMethodWorker.java:154)
at org.testng.internal.invokers.TestMethodWorker.run(TestMethodWorker.java:134)
at java.base/java.util.ArrayList.forEach(ArrayList.java:1596)
at org.testng.TestRunner.privateRun(TestRunner.java:739)
at org.testng.TestRunner.run(TestRunner.java:614)
at org.testng.SuiteRunner.runTest(SuiteRunner.java:421)
at org.testng.SuiteRunner$SuiteWorker.run(SuiteRunner.java:463)
at org.testng.internal.thread.ThreadUtil.lambda$execute$0(ThreadUtil.java:64)
at java.base/java.util.concurrent.FutureTask.run(FutureTask.java:317)
at java.base/java.util.concurrent.ThreadPoolExecutor.runWorker(ThreadPoolExecutor.java:1144)
at java.base/java.util.concurrent.ThreadPoolExecutor$Worker.run(ThreadPoolExecutor.java:642)
at java.base/java.lang.Thread.run(Thread.java:1583)
]]>
    </failure>
  </testcase> <!-- verifyUserCannotUseInvalidPhoneNumberForRegistration_Test -->
  <testcase classname="tests.RegisterTest" name="verifyUserCannotUseInvalidPhoneNumberForRegistration_Test" time="18.535">
    <skipped/>
  </testcase> <!-- verifyUserCannotUseInvalidPhoneNumberForRegistration_Test -->
  <testcase classname="tests.RegisterTest" name="verifyUserCannotUseInvalidPhoneNumberForRegistration_Test" time="16.748">
    <failure message="did not expect [Your Account Has Been Created!] but found [Your Account Has Been Created!]" type="java.lang.AssertionError">
      <![CDATA[java.lang.AssertionError: did not expect [Your Account Has Been Created!] but found [Your Account Has Been Created!]
at org.testng.Assert.fail(Assert.java:111)
at org.testng.Assert.failEquals(Assert.java:1582)
at org.testng.Assert.assertNotEqualsImpl(Assert.java:157)
at org.testng.Assert.assertNotEquals(Assert.java:2201)
at org.testng.Assert.assertNotEquals(Assert.java:2223)
at tests.RegisterTest.verifyUserCannotUseInvalidPhoneNumberForRegistration_Test(RegisterTest.java:171)
at java.base/jdk.internal.reflect.DirectMethodHandleAccessor.invoke(DirectMethodHandleAccessor.java:103)
at java.base/java.lang.reflect.Method.invoke(Method.java:580)
at org.testng.internal.invokers.MethodInvocationHelper.invokeMethod(MethodInvocationHelper.java:141)
at org.testng.internal.invokers.TestInvoker.invokeMethod(TestInvoker.java:686)
at org.testng.internal.invokers.TestInvoker.retryFailed(TestInvoker.java:269)
at org.testng.internal.invokers.MethodRunner.runInSequence(MethodRunner.java:76)
at org.testng.internal.invokers.TestInvoker$MethodInvocationAgent.invoke(TestInvoker.java:992)
at org.testng.internal.invokers.TestInvoker.invokeTestMethods(TestInvoker.java:203)
at org.testng.internal.invokers.TestMethodWorker.invokeTestMethods(TestMethodWorker.java:154)
at org.testng.internal.invokers.TestMethodWorker.run(TestMethodWorker.java:134)
at java.base/java.util.ArrayList.forEach(ArrayList.java:1596)
at org.testng.TestRunner.privateRun(TestRunner.java:739)
at org.testng.TestRunner.run(TestRunner.java:614)
at org.testng.SuiteRunner.runTest(SuiteRunner.java:421)
at org.testng.SuiteRunner$SuiteWorker.run(SuiteRunner.java:463)
at org.testng.internal.thread.ThreadUtil.lambda$execute$0(ThreadUtil.java:64)
at java.base/java.util.concurrent.FutureTask.run(FutureTask.java:317)
at java.base/java.util.concurrent.ThreadPoolExecutor.runWorker(ThreadPoolExecutor.java:1144)
at java.base/java.util.concurrent.ThreadPoolExecutor$Worker.run(ThreadPoolExecutor.java:642)
at java.base/java.lang.Thread.run(Thread.java:1583)
]]>
    </failure>
  </testcase> <!-- verifyUserCannotUseInvalidPhoneNumberForRegistration_Test -->
  <testcase classname="tests.RegisterTest" name="verifyUserCannotUseInvalidPhoneNumberForRegistration_Test" time="21.033">
    <skipped/>
  </testcase> <!-- verifyUserCannotUseInvalidPhoneNumberForRegistration_Test -->
  <testcase classname="tests.RegisterTest" name="verifyUserCannotUseInvalidPhoneNumberForRegistration_Test" time="16.945">
    <skipped/>
  </testcase> <!-- verifyUserCannotUseInvalidPhoneNumberForRegistration_Test -->
  <testcase classname="tests.RegisterTest" name="verifyUserCannotUseInvalidPhoneNumberForRegistration_Test" time="19.478">
    <skipped/>
  </testcase> <!-- verifyUserCannotUseInvalidPhoneNumberForRegistration_Test -->
  <testcase classname="tests.RegisterTest" name="verifyUserCannotUseInvalidPhoneNumberForRegistration_Test" time="18.751">
    <skipped/>
  </testcase> <!-- verifyUserCannotUseInvalidPhoneNumberForRegistration_Test -->
  <testcase classname="tests.RegisterTest" name="verifyRegisterPagePlaceholders_Test" time="14.251"/>
  <testcase classname="tests.RegisterTest" name="verifyRegisterPagePlaceholders_Test" time="12.729"/>
  <testcase classname="tests.RegisterTest" name="verifyRegisterPagePlaceholders_Test" time="19.866"/>
  <testcase classname="tests.RegisterTest" name="verifyAsterickSymbolForMandatoryFields_Test" time="19.298"/>
  <testcase classname="tests.RegisterTest" name="verifyAsterickSymbolForMandatoryFields_Test" time="11.106"/>
  <testcase classname="tests.RegisterTest" name="verifyAsterickSymbolForMandatoryFields_Test" time="14.089"/>
  <testcase classname="tests.RegisterTest" name="verifyPasswordFieldFollowsComplexityStandards" time="16.135">
    <failure message="did not expect [Your Account Has Been Created!] but found [Your Account Has Been Created!]" type="java.lang.AssertionError">
      <![CDATA[java.lang.AssertionError: did not expect [Your Account Has Been Created!] but found [Your Account Has Been Created!]
at org.testng.Assert.fail(Assert.java:111)
at org.testng.Assert.failEquals(Assert.java:1582)
at org.testng.Assert.assertNotEqualsImpl(Assert.java:157)
at org.testng.Assert.assertNotEquals(Assert.java:2201)
at org.testng.Assert.assertNotEquals(Assert.java:2223)
at tests.RegisterTest.verifyPasswordFieldFollowsComplexityStandards(RegisterTest.java:209)
at java.base/jdk.internal.reflect.DirectMethodHandleAccessor.invoke(DirectMethodHandleAccessor.java:103)
at java.base/java.lang.reflect.Method.invoke(Method.java:580)
at org.testng.internal.invokers.MethodInvocationHelper.invokeMethod(MethodInvocationHelper.java:141)
at org.testng.internal.invokers.TestInvoker.invokeMethod(TestInvoker.java:686)
at org.testng.internal.invokers.TestInvoker.retryFailed(TestInvoker.java:269)
at org.testng.internal.invokers.MethodRunner.runInSequence(MethodRunner.java:76)
at org.testng.internal.invokers.TestInvoker$MethodInvocationAgent.invoke(TestInvoker.java:992)
at org.testng.internal.invokers.TestInvoker.invokeTestMethods(TestInvoker.java:203)
at org.testng.internal.invokers.TestMethodWorker.invokeTestMethods(TestMethodWorker.java:154)
at org.testng.internal.invokers.TestMethodWorker.run(TestMethodWorker.java:134)
at java.base/java.util.ArrayList.forEach(ArrayList.java:1596)
at org.testng.TestRunner.privateRun(TestRunner.java:739)
at org.testng.TestRunner.run(TestRunner.java:614)
at org.testng.SuiteRunner.runTest(SuiteRunner.java:421)
at org.testng.SuiteRunner$SuiteWorker.run(SuiteRunner.java:463)
at org.testng.internal.thread.ThreadUtil.lambda$execute$0(ThreadUtil.java:64)
at java.base/java.util.concurrent.FutureTask.run(FutureTask.java:317)
at java.base/java.util.concurrent.ThreadPoolExecutor.runWorker(ThreadPoolExecutor.java:1144)
at java.base/java.util.concurrent.ThreadPoolExecutor$Worker.run(ThreadPoolExecutor.java:642)
at java.base/java.lang.Thread.run(Thread.java:1583)
]]>
    </failure>
  </testcase> <!-- verifyPasswordFieldFollowsComplexityStandards -->
  <testcase classname="tests.RegisterTest" name="verifyPasswordFieldFollowsComplexityStandards" time="19.557">
    <skipped/>
  </testcase> <!-- verifyPasswordFieldFollowsComplexityStandards -->
  <testcase classname="tests.RegisterTest" name="verifyPasswordFieldFollowsComplexityStandards" time="20.742">
    <failure message="did not expect [Your Account Has Been Created!] but found [Your Account Has Been Created!]" type="java.lang.AssertionError">
      <![CDATA[java.lang.AssertionError: did not expect [Your Account Has Been Created!] but found [Your Account Has Been Created!]
at org.testng.Assert.fail(Assert.java:111)
at org.testng.Assert.failEquals(Assert.java:1582)
at org.testng.Assert.assertNotEqualsImpl(Assert.java:157)
at org.testng.Assert.assertNotEquals(Assert.java:2201)
at org.testng.Assert.assertNotEquals(Assert.java:2223)
at tests.RegisterTest.verifyPasswordFieldFollowsComplexityStandards(RegisterTest.java:209)
at java.base/jdk.internal.reflect.DirectMethodHandleAccessor.invoke(DirectMethodHandleAccessor.java:103)
at java.base/java.lang.reflect.Method.invoke(Method.java:580)
at org.testng.internal.invokers.MethodInvocationHelper.invokeMethod(MethodInvocationHelper.java:141)
at org.testng.internal.invokers.TestInvoker.invokeMethod(TestInvoker.java:686)
at org.testng.internal.invokers.TestInvoker.retryFailed(TestInvoker.java:269)
at org.testng.internal.invokers.MethodRunner.runInSequence(MethodRunner.java:76)
at org.testng.internal.invokers.TestInvoker$MethodInvocationAgent.invoke(TestInvoker.java:992)
at org.testng.internal.invokers.TestInvoker.invokeTestMethods(TestInvoker.java:203)
at org.testng.internal.invokers.TestMethodWorker.invokeTestMethods(TestMethodWorker.java:154)
at org.testng.internal.invokers.TestMethodWorker.run(TestMethodWorker.java:134)
at java.base/java.util.ArrayList.forEach(ArrayList.java:1596)
at org.testng.TestRunner.privateRun(TestRunner.java:739)
at org.testng.TestRunner.run(TestRunner.java:614)
at org.testng.SuiteRunner.runTest(SuiteRunner.java:421)
at org.testng.SuiteRunner$SuiteWorker.run(SuiteRunner.java:463)
at org.testng.internal.thread.ThreadUtil.lambda$execute$0(ThreadUtil.java:64)
at java.base/java.util.concurrent.FutureTask.run(FutureTask.java:317)
at java.base/java.util.concurrent.ThreadPoolExecutor.runWorker(ThreadPoolExecutor.java:1144)
at java.base/java.util.concurrent.ThreadPoolExecutor$Worker.run(ThreadPoolExecutor.java:642)
at java.base/java.lang.Thread.run(Thread.java:1583)
]]>
    </failure>
  </testcase> <!-- verifyPasswordFieldFollowsComplexityStandards -->
  <testcase classname="tests.RegisterTest" name="verifyPasswordFieldFollowsComplexityStandards" time="19.901">
    <failure message="did not expect [Your Account Has Been Created!] but found [Your Account Has Been Created!]" type="java.lang.AssertionError">
      <![CDATA[java.lang.AssertionError: did not expect [Your Account Has Been Created!] but found [Your Account Has Been Created!]
at org.testng.Assert.fail(Assert.java:111)
at org.testng.Assert.failEquals(Assert.java:1582)
at org.testng.Assert.assertNotEqualsImpl(Assert.java:157)
at org.testng.Assert.assertNotEquals(Assert.java:2201)
at org.testng.Assert.assertNotEquals(Assert.java:2223)
at tests.RegisterTest.verifyPasswordFieldFollowsComplexityStandards(RegisterTest.java:209)
at java.base/jdk.internal.reflect.DirectMethodHandleAccessor.invoke(DirectMethodHandleAccessor.java:103)
at java.base/java.lang.reflect.Method.invoke(Method.java:580)
at org.testng.internal.invokers.MethodInvocationHelper.invokeMethod(MethodInvocationHelper.java:141)
at org.testng.internal.invokers.TestInvoker.invokeMethod(TestInvoker.java:686)
at org.testng.internal.invokers.TestInvoker.retryFailed(TestInvoker.java:269)
at org.testng.internal.invokers.MethodRunner.runInSequence(MethodRunner.java:76)
at org.testng.internal.invokers.TestInvoker$MethodInvocationAgent.invoke(TestInvoker.java:992)
at org.testng.internal.invokers.TestInvoker.invokeTestMethods(TestInvoker.java:203)
at org.testng.internal.invokers.TestMethodWorker.invokeTestMethods(TestMethodWorker.java:154)
at org.testng.internal.invokers.TestMethodWorker.run(TestMethodWorker.java:134)
at java.base/java.util.ArrayList.forEach(ArrayList.java:1596)
at org.testng.TestRunner.privateRun(TestRunner.java:739)
at org.testng.TestRunner.run(TestRunner.java:614)
at org.testng.SuiteRunner.runTest(SuiteRunner.java:421)
at org.testng.SuiteRunner$SuiteWorker.run(SuiteRunner.java:463)
at org.testng.internal.thread.ThreadUtil.lambda$execute$0(ThreadUtil.java:64)
at java.base/java.util.concurrent.FutureTask.run(FutureTask.java:317)
at java.base/java.util.concurrent.ThreadPoolExecutor.runWorker(ThreadPoolExecutor.java:1144)
at java.base/java.util.concurrent.ThreadPoolExecutor$Worker.run(ThreadPoolExecutor.java:642)
at java.base/java.lang.Thread.run(Thread.java:1583)
]]>
    </failure>
  </testcase> <!-- verifyPasswordFieldFollowsComplexityStandards -->
  <testcase classname="tests.RegisterTest" name="verifyPasswordFieldFollowsComplexityStandards" time="22.445">
    <failure message="did not expect [Your Account Has Been Created!] but found [Your Account Has Been Created!]" type="java.lang.AssertionError">
      <![CDATA[java.lang.AssertionError: did not expect [Your Account Has Been Created!] but found [Your Account Has Been Created!]
at org.testng.Assert.fail(Assert.java:111)
at org.testng.Assert.failEquals(Assert.java:1582)
at org.testng.Assert.assertNotEqualsImpl(Assert.java:157)
at org.testng.Assert.assertNotEquals(Assert.java:2201)
at org.testng.Assert.assertNotEquals(Assert.java:2223)
at tests.RegisterTest.verifyPasswordFieldFollowsComplexityStandards(RegisterTest.java:209)
at java.base/jdk.internal.reflect.DirectMethodHandleAccessor.invoke(DirectMethodHandleAccessor.java:103)
at java.base/java.lang.reflect.Method.invoke(Method.java:580)
at org.testng.internal.invokers.MethodInvocationHelper.invokeMethod(MethodInvocationHelper.java:141)
at org.testng.internal.invokers.TestInvoker.invokeMethod(TestInvoker.java:686)
at org.testng.internal.invokers.TestInvoker.retryFailed(TestInvoker.java:269)
at org.testng.internal.invokers.MethodRunner.runInSequence(MethodRunner.java:76)
at org.testng.internal.invokers.TestInvoker$MethodInvocationAgent.invoke(TestInvoker.java:992)
at org.testng.internal.invokers.TestInvoker.invokeTestMethods(TestInvoker.java:203)
at org.testng.internal.invokers.TestMethodWorker.invokeTestMethods(TestMethodWorker.java:154)
at org.testng.internal.invokers.TestMethodWorker.run(TestMethodWorker.java:134)
at java.base/java.util.ArrayList.forEach(ArrayList.java:1596)
at org.testng.TestRunner.privateRun(TestRunner.java:739)
at org.testng.TestRunner.run(TestRunner.java:614)
at org.testng.SuiteRunner.runTest(SuiteRunner.java:421)
at org.testng.SuiteRunner$SuiteWorker.run(SuiteRunner.java:463)
at org.testng.internal.thread.ThreadUtil.lambda$execute$0(ThreadUtil.java:64)
at java.base/java.util.concurrent.FutureTask.run(FutureTask.java:317)
at java.base/java.util.concurrent.ThreadPoolExecutor.runWorker(ThreadPoolExecutor.java:1144)
at java.base/java.util.concurrent.ThreadPoolExecutor$Worker.run(ThreadPoolExecutor.java:642)
at java.base/java.lang.Thread.run(Thread.java:1583)
]]>
    </failure>
  </testcase> <!-- verifyPasswordFieldFollowsComplexityStandards -->
  <testcase classname="tests.RegisterTest" name="verifyPasswordFieldFollowsComplexityStandards" time="20.176">
    <failure message="did not expect [Your Account Has Been Created!] but found [Your Account Has Been Created!]" type="java.lang.AssertionError">
      <![CDATA[java.lang.AssertionError: did not expect [Your Account Has Been Created!] but found [Your Account Has Been Created!]
at org.testng.Assert.fail(Assert.java:111)
at org.testng.Assert.failEquals(Assert.java:1582)
at org.testng.Assert.assertNotEqualsImpl(Assert.java:157)
at org.testng.Assert.assertNotEquals(Assert.java:2201)
at org.testng.Assert.assertNotEquals(Assert.java:2223)
at tests.RegisterTest.verifyPasswordFieldFollowsComplexityStandards(RegisterTest.java:209)
at java.base/jdk.internal.reflect.DirectMethodHandleAccessor.invoke(DirectMethodHandleAccessor.java:103)
at java.base/java.lang.reflect.Method.invoke(Method.java:580)
at org.testng.internal.invokers.MethodInvocationHelper.invokeMethod(MethodInvocationHelper.java:141)
at org.testng.internal.invokers.TestInvoker.invokeMethod(TestInvoker.java:686)
at org.testng.internal.invokers.TestInvoker.retryFailed(TestInvoker.java:269)
at org.testng.internal.invokers.MethodRunner.runInSequence(MethodRunner.java:76)
at org.testng.internal.invokers.TestInvoker$MethodInvocationAgent.invoke(TestInvoker.java:992)
at org.testng.internal.invokers.TestInvoker.invokeTestMethods(TestInvoker.java:203)
at org.testng.internal.invokers.TestMethodWorker.invokeTestMethods(TestMethodWorker.java:154)
at org.testng.internal.invokers.TestMethodWorker.run(TestMethodWorker.java:134)
at java.base/java.util.ArrayList.forEach(ArrayList.java:1596)
at org.testng.TestRunner.privateRun(TestRunner.java:739)
at org.testng.TestRunner.run(TestRunner.java:614)
at org.testng.SuiteRunner.runTest(SuiteRunner.java:421)
at org.testng.SuiteRunner$SuiteWorker.run(SuiteRunner.java:463)
at org.testng.internal.thread.ThreadUtil.lambda$execute$0(ThreadUtil.java:64)
at java.base/java.util.concurrent.FutureTask.run(FutureTask.java:317)
at java.base/java.util.concurrent.ThreadPoolExecutor.runWorker(ThreadPoolExecutor.java:1144)
at java.base/java.util.concurrent.ThreadPoolExecutor$Worker.run(ThreadPoolExecutor.java:642)
at java.base/java.lang.Thread.run(Thread.java:1583)
]]>
    </failure>
  </testcase> <!-- verifyPasswordFieldFollowsComplexityStandards -->
  <testcase classname="tests.RegisterTest" name="verifyPasswordFieldFollowsComplexityStandards" time="19.071">
    <skipped/>
  </testcase> <!-- verifyPasswordFieldFollowsComplexityStandards -->
  <testcase classname="tests.RegisterTest" name="verifyPasswordFieldFollowsComplexityStandards" time="16.852">
    <skipped/>
  </testcase> <!-- verifyPasswordFieldFollowsComplexityStandards -->
  <testcase classname="tests.RegisterTest" name="verifyPasswordFieldFollowsComplexityStandards" time="22.088">
    <failure message="did not expect [Your Account Has Been Created!] but found [Your Account Has Been Created!]" type="java.lang.AssertionError">
      <![CDATA[java.lang.AssertionError: did not expect [Your Account Has Been Created!] but found [Your Account Has Been Created!]
at org.testng.Assert.fail(Assert.java:111)
at org.testng.Assert.failEquals(Assert.java:1582)
at org.testng.Assert.assertNotEqualsImpl(Assert.java:157)
at org.testng.Assert.assertNotEquals(Assert.java:2201)
at org.testng.Assert.assertNotEquals(Assert.java:2223)
at tests.RegisterTest.verifyPasswordFieldFollowsComplexityStandards(RegisterTest.java:209)
at java.base/jdk.internal.reflect.DirectMethodHandleAccessor.invoke(DirectMethodHandleAccessor.java:103)
at java.base/java.lang.reflect.Method.invoke(Method.java:580)
at org.testng.internal.invokers.MethodInvocationHelper.invokeMethod(MethodInvocationHelper.java:141)
at org.testng.internal.invokers.TestInvoker.invokeMethod(TestInvoker.java:686)
at org.testng.internal.invokers.TestInvoker.retryFailed(TestInvoker.java:269)
at org.testng.internal.invokers.MethodRunner.runInSequence(MethodRunner.java:76)
at org.testng.internal.invokers.TestInvoker$MethodInvocationAgent.invoke(TestInvoker.java:992)
at org.testng.internal.invokers.TestInvoker.invokeTestMethods(TestInvoker.java:203)
at org.testng.internal.invokers.TestMethodWorker.invokeTestMethods(TestMethodWorker.java:154)
at org.testng.internal.invokers.TestMethodWorker.run(TestMethodWorker.java:134)
at java.base/java.util.ArrayList.forEach(ArrayList.java:1596)
at org.testng.TestRunner.privateRun(TestRunner.java:739)
at org.testng.TestRunner.run(TestRunner.java:614)
at org.testng.SuiteRunner.runTest(SuiteRunner.java:421)
at org.testng.SuiteRunner$SuiteWorker.run(SuiteRunner.java:463)
at org.testng.internal.thread.ThreadUtil.lambda$execute$0(ThreadUtil.java:64)
at java.base/java.util.concurrent.FutureTask.run(FutureTask.java:317)
at java.base/java.util.concurrent.ThreadPoolExecutor.runWorker(ThreadPoolExecutor.java:1144)
at java.base/java.util.concurrent.ThreadPoolExecutor$Worker.run(ThreadPoolExecutor.java:642)
at java.base/java.lang.Thread.run(Thread.java:1583)
]]>
    </failure>
  </testcase> <!-- verifyPasswordFieldFollowsComplexityStandards -->
  <testcase classname="tests.RegisterTest" name="verifyPasswordFieldFollowsComplexityStandards" time="21.378">
    <skipped/>
  </testcase> <!-- verifyPasswordFieldFollowsComplexityStandards -->
  <testcase classname="tests.RegisterTest" name="verifyPasswordFieldFollowsComplexityStandards" time="18.022">
    <failure message="did not expect [Your Account Has Been Created!] but found [Your Account Has Been Created!]" type="java.lang.AssertionError">
      <![CDATA[java.lang.AssertionError: did not expect [Your Account Has Been Created!] but found [Your Account Has Been Created!]
at org.testng.Assert.fail(Assert.java:111)
at org.testng.Assert.failEquals(Assert.java:1582)
at org.testng.Assert.assertNotEqualsImpl(Assert.java:157)
at org.testng.Assert.assertNotEquals(Assert.java:2201)
at org.testng.Assert.assertNotEquals(Assert.java:2223)
at tests.RegisterTest.verifyPasswordFieldFollowsComplexityStandards(RegisterTest.java:209)
at java.base/jdk.internal.reflect.DirectMethodHandleAccessor.invoke(DirectMethodHandleAccessor.java:103)
at java.base/java.lang.reflect.Method.invoke(Method.java:580)
at org.testng.internal.invokers.MethodInvocationHelper.invokeMethod(MethodInvocationHelper.java:141)
at org.testng.internal.invokers.TestInvoker.invokeMethod(TestInvoker.java:686)
at org.testng.internal.invokers.TestInvoker.retryFailed(TestInvoker.java:269)
at org.testng.internal.invokers.MethodRunner.runInSequence(MethodRunner.java:76)
at org.testng.internal.invokers.TestInvoker$MethodInvocationAgent.invoke(TestInvoker.java:992)
at org.testng.internal.invokers.TestInvoker.invokeTestMethods(TestInvoker.java:203)
at org.testng.internal.invokers.TestMethodWorker.invokeTestMethods(TestMethodWorker.java:154)
at org.testng.internal.invokers.TestMethodWorker.run(TestMethodWorker.java:134)
at java.base/java.util.ArrayList.forEach(ArrayList.java:1596)
at org.testng.TestRunner.privateRun(TestRunner.java:739)
at org.testng.TestRunner.run(TestRunner.java:614)
at org.testng.SuiteRunner.runTest(SuiteRunner.java:421)
at org.testng.SuiteRunner$SuiteWorker.run(SuiteRunner.java:463)
at org.testng.internal.thread.ThreadUtil.lambda$execute$0(ThreadUtil.java:64)
at java.base/java.util.concurrent.FutureTask.run(FutureTask.java:317)
at java.base/java.util.concurrent.ThreadPoolExecutor.runWorker(ThreadPoolExecutor.java:1144)
at java.base/java.util.concurrent.ThreadPoolExecutor$Worker.run(ThreadPoolExecutor.java:642)
at java.base/java.lang.Thread.run(Thread.java:1583)
]]>
    </failure>
  </testcase> <!-- verifyPasswordFieldFollowsComplexityStandards -->
  <testcase classname="tests.RegisterTest" name="verifyPasswordFieldFollowsComplexityStandards" time="22.458">
    <skipped/>
  </testcase> <!-- verifyPasswordFieldFollowsComplexityStandards -->
  <testcase classname="tests.RegisterTest" name="verifyPasswordFieldFollowsComplexityStandards" time="16.116">
    <failure message="did not expect [Your Account Has Been Created!] but found [Your Account Has Been Created!]" type="java.lang.AssertionError">
      <![CDATA[java.lang.AssertionError: did not expect [Your Account Has Been Created!] but found [Your Account Has Been Created!]
at org.testng.Assert.fail(Assert.java:111)
at org.testng.Assert.failEquals(Assert.java:1582)
at org.testng.Assert.assertNotEqualsImpl(Assert.java:157)
at org.testng.Assert.assertNotEquals(Assert.java:2201)
at org.testng.Assert.assertNotEquals(Assert.java:2223)
at tests.RegisterTest.verifyPasswordFieldFollowsComplexityStandards(RegisterTest.java:209)
at java.base/jdk.internal.reflect.DirectMethodHandleAccessor.invoke(DirectMethodHandleAccessor.java:103)
at java.base/java.lang.reflect.Method.invoke(Method.java:580)
at org.testng.internal.invokers.MethodInvocationHelper.invokeMethod(MethodInvocationHelper.java:141)
at org.testng.internal.invokers.TestInvoker.invokeMethod(TestInvoker.java:686)
at org.testng.internal.invokers.TestInvoker.retryFailed(TestInvoker.java:269)
at org.testng.internal.invokers.MethodRunner.runInSequence(MethodRunner.java:76)
at org.testng.internal.invokers.TestInvoker$MethodInvocationAgent.invoke(TestInvoker.java:992)
at org.testng.internal.invokers.TestInvoker.invokeTestMethods(TestInvoker.java:203)
at org.testng.internal.invokers.TestMethodWorker.invokeTestMethods(TestMethodWorker.java:154)
at org.testng.internal.invokers.TestMethodWorker.run(TestMethodWorker.java:134)
at java.base/java.util.ArrayList.forEach(ArrayList.java:1596)
at org.testng.TestRunner.privateRun(TestRunner.java:739)
at org.testng.TestRunner.run(TestRunner.java:614)
at org.testng.SuiteRunner.runTest(SuiteRunner.java:421)
at org.testng.SuiteRunner$SuiteWorker.run(SuiteRunner.java:463)
at org.testng.internal.thread.ThreadUtil.lambda$execute$0(ThreadUtil.java:64)
at java.base/java.util.concurrent.FutureTask.run(FutureTask.java:317)
at java.base/java.util.concurrent.ThreadPoolExecutor.runWorker(ThreadPoolExecutor.java:1144)
at java.base/java.util.concurrent.ThreadPoolExecutor$Worker.run(ThreadPoolExecutor.java:642)
at java.base/java.lang.Thread.run(Thread.java:1583)
]]>
    </failure>
  </testcase> <!-- verifyPasswordFieldFollowsComplexityStandards -->
  <testcase classname="tests.RegisterTest" name="verifyPasswordFieldFollowsComplexityStandards" time="15.667">
    <failure message="did not expect [Your Account Has Been Created!] but found [Your Account Has Been Created!]" type="java.lang.AssertionError">
      <![CDATA[java.lang.AssertionError: did not expect [Your Account Has Been Created!] but found [Your Account Has Been Created!]
at org.testng.Assert.fail(Assert.java:111)
at org.testng.Assert.failEquals(Assert.java:1582)
at org.testng.Assert.assertNotEqualsImpl(Assert.java:157)
at org.testng.Assert.assertNotEquals(Assert.java:2201)
at org.testng.Assert.assertNotEquals(Assert.java:2223)
at tests.RegisterTest.verifyPasswordFieldFollowsComplexityStandards(RegisterTest.java:209)
at java.base/jdk.internal.reflect.DirectMethodHandleAccessor.invoke(DirectMethodHandleAccessor.java:103)
at java.base/java.lang.reflect.Method.invoke(Method.java:580)
at org.testng.internal.invokers.MethodInvocationHelper.invokeMethod(MethodInvocationHelper.java:141)
at org.testng.internal.invokers.TestInvoker.invokeMethod(TestInvoker.java:686)
at org.testng.internal.invokers.TestInvoker.retryFailed(TestInvoker.java:269)
at org.testng.internal.invokers.MethodRunner.runInSequence(MethodRunner.java:76)
at org.testng.internal.invokers.TestInvoker$MethodInvocationAgent.invoke(TestInvoker.java:992)
at org.testng.internal.invokers.TestInvoker.invokeTestMethods(TestInvoker.java:203)
at org.testng.internal.invokers.TestMethodWorker.invokeTestMethods(TestMethodWorker.java:154)
at org.testng.internal.invokers.TestMethodWorker.run(TestMethodWorker.java:134)
at java.base/java.util.ArrayList.forEach(ArrayList.java:1596)
at org.testng.TestRunner.privateRun(TestRunner.java:739)
at org.testng.TestRunner.run(TestRunner.java:614)
at org.testng.SuiteRunner.runTest(SuiteRunner.java:421)
at org.testng.SuiteRunner$SuiteWorker.run(SuiteRunner.java:463)
at org.testng.internal.thread.ThreadUtil.lambda$execute$0(ThreadUtil.java:64)
at java.base/java.util.concurrent.FutureTask.run(FutureTask.java:317)
at java.base/java.util.concurrent.ThreadPoolExecutor.runWorker(ThreadPoolExecutor.java:1144)
at java.base/java.util.concurrent.ThreadPoolExecutor$Worker.run(ThreadPoolExecutor.java:642)
at java.base/java.lang.Thread.run(Thread.java:1583)
]]>
    </failure>
  </testcase> <!-- verifyPasswordFieldFollowsComplexityStandards -->
  <testcase classname="tests.RegisterTest" name="verifyPasswordFieldFollowsComplexityStandards" time="21.973">
    <failure message="did not expect [Your Account Has Been Created!] but found [Your Account Has Been Created!]" type="java.lang.AssertionError">
      <![CDATA[java.lang.AssertionError: did not expect [Your Account Has Been Created!] but found [Your Account Has Been Created!]
at org.testng.Assert.fail(Assert.java:111)
at org.testng.Assert.failEquals(Assert.java:1582)
at org.testng.Assert.assertNotEqualsImpl(Assert.java:157)
at org.testng.Assert.assertNotEquals(Assert.java:2201)
at org.testng.Assert.assertNotEquals(Assert.java:2223)
at tests.RegisterTest.verifyPasswordFieldFollowsComplexityStandards(RegisterTest.java:209)
at java.base/jdk.internal.reflect.DirectMethodHandleAccessor.invoke(DirectMethodHandleAccessor.java:103)
at java.base/java.lang.reflect.Method.invoke(Method.java:580)
at org.testng.internal.invokers.MethodInvocationHelper.invokeMethod(MethodInvocationHelper.java:141)
at org.testng.internal.invokers.TestInvoker.invokeMethod(TestInvoker.java:686)
at org.testng.internal.invokers.TestInvoker.retryFailed(TestInvoker.java:269)
at org.testng.internal.invokers.MethodRunner.runInSequence(MethodRunner.java:76)
at org.testng.internal.invokers.TestInvoker$MethodInvocationAgent.invoke(TestInvoker.java:992)
at org.testng.internal.invokers.TestInvoker.invokeTestMethods(TestInvoker.java:203)
at org.testng.internal.invokers.TestMethodWorker.invokeTestMethods(TestMethodWorker.java:154)
at org.testng.internal.invokers.TestMethodWorker.run(TestMethodWorker.java:134)
at java.base/java.util.ArrayList.forEach(ArrayList.java:1596)
at org.testng.TestRunner.privateRun(TestRunner.java:739)
at org.testng.TestRunner.run(TestRunner.java:614)
at org.testng.SuiteRunner.runTest(SuiteRunner.java:421)
at org.testng.SuiteRunner$SuiteWorker.run(SuiteRunner.java:463)
at org.testng.internal.thread.ThreadUtil.lambda$execute$0(ThreadUtil.java:64)
at java.base/java.util.concurrent.FutureTask.run(FutureTask.java:317)
at java.base/java.util.concurrent.ThreadPoolExecutor.runWorker(ThreadPoolExecutor.java:1144)
at java.base/java.util.concurrent.ThreadPoolExecutor$Worker.run(ThreadPoolExecutor.java:642)
at java.base/java.lang.Thread.run(Thread.java:1583)
]]>
    </failure>
  </testcase> <!-- verifyPasswordFieldFollowsComplexityStandards -->
  <testcase classname="tests.RegisterTest" name="verifyPasswordFieldFollowsComplexityStandards" time="18.694">
    <failure message="did not expect [Your Account Has Been Created!] but found [Your Account Has Been Created!]" type="java.lang.AssertionError">
      <![CDATA[java.lang.AssertionError: did not expect [Your Account Has Been Created!] but found [Your Account Has Been Created!]
at org.testng.Assert.fail(Assert.java:111)
at org.testng.Assert.failEquals(Assert.java:1582)
at org.testng.Assert.assertNotEqualsImpl(Assert.java:157)
at org.testng.Assert.assertNotEquals(Assert.java:2201)
at org.testng.Assert.assertNotEquals(Assert.java:2223)
at tests.RegisterTest.verifyPasswordFieldFollowsComplexityStandards(RegisterTest.java:209)
at java.base/jdk.internal.reflect.DirectMethodHandleAccessor.invoke(DirectMethodHandleAccessor.java:103)
at java.base/java.lang.reflect.Method.invoke(Method.java:580)
at org.testng.internal.invokers.MethodInvocationHelper.invokeMethod(MethodInvocationHelper.java:141)
at org.testng.internal.invokers.TestInvoker.invokeMethod(TestInvoker.java:686)
at org.testng.internal.invokers.TestInvoker.retryFailed(TestInvoker.java:269)
at org.testng.internal.invokers.MethodRunner.runInSequence(MethodRunner.java:76)
at org.testng.internal.invokers.TestInvoker$MethodInvocationAgent.invoke(TestInvoker.java:992)
at org.testng.internal.invokers.TestInvoker.invokeTestMethods(TestInvoker.java:203)
at org.testng.internal.invokers.TestMethodWorker.invokeTestMethods(TestMethodWorker.java:154)
at org.testng.internal.invokers.TestMethodWorker.run(TestMethodWorker.java:134)
at java.base/java.util.ArrayList.forEach(ArrayList.java:1596)
at org.testng.TestRunner.privateRun(TestRunner.java:739)
at org.testng.TestRunner.run(TestRunner.java:614)
at org.testng.SuiteRunner.runTest(SuiteRunner.java:421)
at org.testng.SuiteRunner$SuiteWorker.run(SuiteRunner.java:463)
at org.testng.internal.thread.ThreadUtil.lambda$execute$0(ThreadUtil.java:64)
at java.base/java.util.concurrent.FutureTask.run(FutureTask.java:317)
at java.base/java.util.concurrent.ThreadPoolExecutor.runWorker(ThreadPoolExecutor.java:1144)
at java.base/java.util.concurrent.ThreadPoolExecutor$Worker.run(ThreadPoolExecutor.java:642)
at java.base/java.lang.Thread.run(Thread.java:1583)
]]>
    </failure>
  </testcase> <!-- verifyPasswordFieldFollowsComplexityStandards -->
  <testcase classname="tests.RegisterTest" name="verifyPasswordFieldFollowsComplexityStandards" time="14.596">
    <skipped/>
  </testcase> <!-- verifyPasswordFieldFollowsComplexityStandards -->
  <testcase classname="tests.RegisterTest" name="verifyPasswordFieldFollowsComplexityStandards" time="21.045">
    <failure message="did not expect [Your Account Has Been Created!] but found [Your Account Has Been Created!]" type="java.lang.AssertionError">
      <![CDATA[java.lang.AssertionError: did not expect [Your Account Has Been Created!] but found [Your Account Has Been Created!]
at org.testng.Assert.fail(Assert.java:111)
at org.testng.Assert.failEquals(Assert.java:1582)
at org.testng.Assert.assertNotEqualsImpl(Assert.java:157)
at org.testng.Assert.assertNotEquals(Assert.java:2201)
at org.testng.Assert.assertNotEquals(Assert.java:2223)
at tests.RegisterTest.verifyPasswordFieldFollowsComplexityStandards(RegisterTest.java:209)
at java.base/jdk.internal.reflect.DirectMethodHandleAccessor.invoke(DirectMethodHandleAccessor.java:103)
at java.base/java.lang.reflect.Method.invoke(Method.java:580)
at org.testng.internal.invokers.MethodInvocationHelper.invokeMethod(MethodInvocationHelper.java:141)
at org.testng.internal.invokers.TestInvoker.invokeMethod(TestInvoker.java:686)
at org.testng.internal.invokers.TestInvoker.retryFailed(TestInvoker.java:269)
at org.testng.internal.invokers.MethodRunner.runInSequence(MethodRunner.java:76)
at org.testng.internal.invokers.TestInvoker$MethodInvocationAgent.invoke(TestInvoker.java:992)
at org.testng.internal.invokers.TestInvoker.invokeTestMethods(TestInvoker.java:203)
at org.testng.internal.invokers.TestMethodWorker.invokeTestMethods(TestMethodWorker.java:154)
at org.testng.internal.invokers.TestMethodWorker.run(TestMethodWorker.java:134)
at java.base/java.util.ArrayList.forEach(ArrayList.java:1596)
at org.testng.TestRunner.privateRun(TestRunner.java:739)
at org.testng.TestRunner.run(TestRunner.java:614)
at org.testng.SuiteRunner.runTest(SuiteRunner.java:421)
at org.testng.SuiteRunner$SuiteWorker.run(SuiteRunner.java:463)
at org.testng.internal.thread.ThreadUtil.lambda$execute$0(ThreadUtil.java:64)
at java.base/java.util.concurrent.FutureTask.run(FutureTask.java:317)
at java.base/java.util.concurrent.ThreadPoolExecutor.runWorker(ThreadPoolExecutor.java:1144)
at java.base/java.util.concurrent.ThreadPoolExecutor$Worker.run(ThreadPoolExecutor.java:642)
at java.base/java.lang.Thread.run(Thread.java:1583)
]]>
    </failure>
  </testcase> <!-- verifyPasswordFieldFollowsComplexityStandards -->
  <testcase classname="tests.RegisterTest" name="verifyPasswordFieldFollowsComplexityStandards" time="17.267">
    <failure message="did not expect [Your Account Has Been Created!] but found [Your Account Has Been Created!]" type="java.lang.AssertionError">
      <![CDATA[java.lang.AssertionError: did not expect [Your Account Has Been Created!] but found [Your Account Has Been Created!]
at org.testng.Assert.fail(Assert.java:111)
at org.testng.Assert.failEquals(Assert.java:1582)
at org.testng.Assert.assertNotEqualsImpl(Assert.java:157)
at org.testng.Assert.assertNotEquals(Assert.java:2201)
at org.testng.Assert.assertNotEquals(Assert.java:2223)
at tests.RegisterTest.verifyPasswordFieldFollowsComplexityStandards(RegisterTest.java:209)
at java.base/jdk.internal.reflect.DirectMethodHandleAccessor.invoke(DirectMethodHandleAccessor.java:103)
at java.base/java.lang.reflect.Method.invoke(Method.java:580)
at org.testng.internal.invokers.MethodInvocationHelper.invokeMethod(MethodInvocationHelper.java:141)
at org.testng.internal.invokers.TestInvoker.invokeMethod(TestInvoker.java:686)
at org.testng.internal.invokers.TestInvoker.retryFailed(TestInvoker.java:269)
at org.testng.internal.invokers.MethodRunner.runInSequence(MethodRunner.java:76)
at org.testng.internal.invokers.TestInvoker$MethodInvocationAgent.invoke(TestInvoker.java:992)
at org.testng.internal.invokers.TestInvoker.invokeTestMethods(TestInvoker.java:203)
at org.testng.internal.invokers.TestMethodWorker.invokeTestMethods(TestMethodWorker.java:154)
at org.testng.internal.invokers.TestMethodWorker.run(TestMethodWorker.java:134)
at java.base/java.util.ArrayList.forEach(ArrayList.java:1596)
at org.testng.TestRunner.privateRun(TestRunner.java:739)
at org.testng.TestRunner.run(TestRunner.java:614)
at org.testng.SuiteRunner.runTest(SuiteRunner.java:421)
at org.testng.SuiteRunner$SuiteWorker.run(SuiteRunner.java:463)
at org.testng.internal.thread.ThreadUtil.lambda$execute$0(ThreadUtil.java:64)
at java.base/java.util.concurrent.FutureTask.run(FutureTask.java:317)
at java.base/java.util.concurrent.ThreadPoolExecutor.runWorker(ThreadPoolExecutor.java:1144)
at java.base/java.util.concurrent.ThreadPoolExecutor$Worker.run(ThreadPoolExecutor.java:642)
at java.base/java.lang.Thread.run(Thread.java:1583)
]]>
    </failure>
  </testcase> <!-- verifyPasswordFieldFollowsComplexityStandards -->
  <testcase classname="tests.RegisterTest" name="verifyPasswordFieldFollowsComplexityStandards" time="17.909">
    <failure message="did not expect [Your Account Has Been Created!] but found [Your Account Has Been Created!]" type="java.lang.AssertionError">
      <![CDATA[java.lang.AssertionError: did not expect [Your Account Has Been Created!] but found [Your Account Has Been Created!]
at org.testng.Assert.fail(Assert.java:111)
at org.testng.Assert.failEquals(Assert.java:1582)
at org.testng.Assert.assertNotEqualsImpl(Assert.java:157)
at org.testng.Assert.assertNotEquals(Assert.java:2201)
at org.testng.Assert.assertNotEquals(Assert.java:2223)
at tests.RegisterTest.verifyPasswordFieldFollowsComplexityStandards(RegisterTest.java:209)
at java.base/jdk.internal.reflect.DirectMethodHandleAccessor.invoke(DirectMethodHandleAccessor.java:103)
at java.base/java.lang.reflect.Method.invoke(Method.java:580)
at org.testng.internal.invokers.MethodInvocationHelper.invokeMethod(MethodInvocationHelper.java:141)
at org.testng.internal.invokers.TestInvoker.invokeMethod(TestInvoker.java:686)
at org.testng.internal.invokers.TestInvoker.retryFailed(TestInvoker.java:269)
at org.testng.internal.invokers.MethodRunner.runInSequence(MethodRunner.java:76)
at org.testng.internal.invokers.TestInvoker$MethodInvocationAgent.invoke(TestInvoker.java:992)
at org.testng.internal.invokers.TestInvoker.invokeTestMethods(TestInvoker.java:203)
at org.testng.internal.invokers.TestMethodWorker.invokeTestMethods(TestMethodWorker.java:154)
at org.testng.internal.invokers.TestMethodWorker.run(TestMethodWorker.java:134)
at java.base/java.util.ArrayList.forEach(ArrayList.java:1596)
at org.testng.TestRunner.privateRun(TestRunner.java:739)
at org.testng.TestRunner.run(TestRunner.java:614)
at org.testng.SuiteRunner.runTest(SuiteRunner.java:421)
at org.testng.SuiteRunner$SuiteWorker.run(SuiteRunner.java:463)
at org.testng.internal.thread.ThreadUtil.lambda$execute$0(ThreadUtil.java:64)
at java.base/java.util.concurrent.FutureTask.run(FutureTask.java:317)
at java.base/java.util.concurrent.ThreadPoolExecutor.runWorker(ThreadPoolExecutor.java:1144)
at java.base/java.util.concurrent.ThreadPoolExecutor$Worker.run(ThreadPoolExecutor.java:642)
at java.base/java.lang.Thread.run(Thread.java:1583)
]]>
    </failure>
  </testcase> <!-- verifyPasswordFieldFollowsComplexityStandards -->
  <testcase classname="tests.RegisterTest" name="verifyPasswordFieldFollowsComplexityStandards" time="22.391">
[...]
at java.base/java.util.concurrent.FutureTask.run(FutureTask.java:317)
at java.base/java.util.concurrent.ThreadPoolExecutor.runWorker(ThreadPoolExecutor.java:1144)
at java.base/java.util.concurrent.ThreadPoolExecutor$Worker.run(ThreadPoolExecutor.java:642)
at java.base/java.lang.Thread.run(Thread.java:1583)
]]>
    </failure>
  </testcase> <!-- verifyPasswordFieldFollowsComplexityStandards -->
  <testcase classname="tests.RegisterTest" name="verifyPasswordFieldFollowsComplexityStandards" time="22.294">
    <skipped/>
  </testcase> <!-- verifyPasswordFieldFollowsComplexityStandards -->
  <testcase classname="tests.RegisterTest" name="verifyPasswordFieldFollowsComplexityStandards" time="17.030">
    <skipped/>
  </testcase> <!-- verifyPasswordFieldFollowsComplexityStandards -->
  <testcase classname="tests.RegisterTest" name="verifyPasswordFieldFollowsComplexityStandards" time="18.441">
    <failure message="did not expect [Your Account Has Been Created!] but found [Your Account Has Been Created!]" type="java.lang.AssertionError">
      <![CDATA[java.lang.AssertionError: did not expect [Your Account Has Been Created!] but found [Your Account Has Been Created!]
at org.testng.Assert.fail(Assert.java:111)
at org.testng.Assert.failEquals(Assert.java:1582)
at org.testng.Assert.assertNotEqualsImpl(Assert.java:157)
at org.testng.Assert.assertNotEquals(Assert.java:2201)
at org.testng.Assert.assertNotEquals(Assert.java:2223)
at tests.RegisterTest.verifyPasswordFieldFollowsComplexityStandards(RegisterTest.java:209)
at java.base/jdk.internal.reflect.DirectMethodHandleAccessor.invoke(DirectMethodHandleAccessor.java:103)
at java.base/java.lang.reflect.Method.invoke(Method.java:580)
at org.testng.internal.invokers.MethodInvocationHelper.invokeMethod(MethodInvocationHelper.java:141)
at org.testng.internal.invokers.TestInvoker.invokeMethod(TestInvoker.java:686)
at org.testng.internal.invokers.TestInvoker.retryFailed(TestInvoker.java:269)
at org.testng.internal.invokers.MethodRunner.runInSequence(MethodRunner.java:76)
at org.testng.internal.invokers.TestInvoker$MethodInvocationAgent.invoke(TestInvoker.java:992)
at org.testng.internal.invokers.TestInvoker.invokeTestMethods(TestInvoker.java:203)
at org.testng.internal.invokers.TestMethodWorker.invokeTestMethods(TestMethodWorker.java:154)
at org.testng.internal.invokers.TestMethodWorker.run(TestMethodWorker.java:134)
at java.base/java.util.ArrayList.forEach(ArrayList.java:1596)
at org.testng.TestRunner.privateRun(TestRunner.java:739)
at org.testng.TestRunner.run(TestRunner.java:614)
at org.testng.SuiteRunner.runTest(SuiteRunner.java:421)
at org.testng.SuiteRunner$SuiteWorker.run(SuiteRunner.java:463)
at org.testng.internal.thread.ThreadUtil.lambda$execute$0(ThreadUtil.java:64)
at java.base/java.util.concurrent.FutureTask.run(FutureTask.java:317)
at java.base/java.util.concurrent.ThreadPoolExecutor.runWorker(ThreadPoolExecutor.java:1144)
at java.base/java.util.concurrent.ThreadPoolExecutor$Worker.run(ThreadPoolExecutor.java:642)
at java.base/java.lang.Thread.run(Thread.java:1583)
]]>
    </failure>
  </testcase> <!-- verifyPasswordFieldFollowsComplexityStandards -->
  <testcase classname="tests.RegisterTest" name="verifyPasswordFieldFollowsComplexityStandards" time="17.941">
    <failure message="did not expect [Your Account Has Been Created!] but found [Your Account Has Been Created!]" type="java.lang.AssertionError">
      <![CDATA[java.lang.AssertionError: did not expect [Your Account Has Been Created!] but found [Your Account Has Been Created!]
at org.testng.Assert.fail(Assert.java:111)
at org.testng.Assert.failEquals(Assert.java:1582)
at org.testng.Assert.assertNotEqualsImpl(Assert.java:157)
at org.testng.Assert.assertNotEquals(Assert.java:2201)
at org.testng.Assert.assertNotEquals(Assert.java:2223)
at tests.RegisterTest.verifyPasswordFieldFollowsComplexityStandards(RegisterTest.java:209)
at java.base/jdk.internal.reflect.DirectMethodHandleAccessor.invoke(DirectMethodHandleAccessor.java:103)
at java.base/java.lang.reflect.Method.invoke(Method.java:580)
at org.testng.internal.invokers.MethodInvocationHelper.invokeMethod(MethodInvocationHelper.java:141)
at org.testng.internal.invokers.TestInvoker.invokeMethod(TestInvoker.java:686)
at org.testng.internal.invokers.TestInvoker.retryFailed(TestInvoker.java:269)
at org.testng.internal.invokers.MethodRunner.runInSequence(MethodRunner.java:76)
at org.testng.internal.invokers.TestInvoker$MethodInvocationAgent.invoke(TestInvoker.java:992)
at org.testng.internal.invokers.TestInvoker.invokeTestMethods(TestInvoker.java:203)
at org.testng.internal.invokers.TestMethodWorker.invokeTestMethods(TestMethodWorker.java:154)
at org.testng.internal.invokers.TestMethodWorker.run(TestMethodWorker.java:134)
at java.base/java.util.ArrayList.forEach(ArrayList.java:1596)
at org.testng.TestRunner.privateRun(TestRunner.java:739)
at org.testng.TestRunner.run(TestRunner.java:614)
at org.testng.SuiteRunner.runTest(SuiteRunner.java:421)
at org.testng.SuiteRunner$SuiteWorker.run(SuiteRunner.java:463)
at org.testng.internal.thread.ThreadUtil.lambda$execute$0(ThreadUtil.java:64)
at java.base/java.util.concurrent.FutureTask.run(FutureTask.java:317)
at java.base/java.util.concurrent.ThreadPoolExecutor.runWorker(ThreadPoolExecutor.java:1144)
at java.base/java.util.concurrent.ThreadPoolExecutor$Worker.run(ThreadPoolExecutor.java:642)
at java.base/java.lang.Thread.run(Thread.java:1583)
]]>
    </failure>
  </testcase> <!-- verifyPasswordFieldFollowsComplexityStandards -->
  <testcase classname="tests.RegisterTest" name="verifyPasswordFieldFollowsComplexityStandards" time="21.137">
    <skipped/>
  </testcase> <!-- verifyPasswordFieldFollowsComplexityStandards -->
  <testcase classname="tests.RegisterTest" name="verifyPasswordFieldFollowsComplexityStandards" time="24.041">
    <skipped/>
  </testcase> <!-- verifyPasswordFieldFollowsComplexityStandards -->
  <testcase classname="tests.RegisterTest" name="verifyPasswordFieldFollowsComplexityStandards" time="22.638">
    <skipped/>
  </testcase> <!-- verifyPasswordFieldFollowsComplexityStandards -->
  <testcase classname="tests.RegisterTest" name="verifyPasswordFieldFollowsComplexityStandards" time="12.487">
    <skipped/>
  </testcase> <!-- verifyPasswordFieldFollowsComplexityStandards -->
  <testcase classname="tests.RegisterTest" name="verifyPasswordFieldFollowsComplexityStandards" time="18.016">
    <failure message="did not expect [Your Account Has Been Created!] but found [Your Account Has Been Created!]" type="java.lang.AssertionError">
      <![CDATA[java.lang.AssertionError: did not expect [Your Account Has Been Created!] but found [Your Account Has Been Created!]
at org.testng.Assert.fail(Assert.java:111)
at org.testng.Assert.failEquals(Assert.java:1582)
at org.testng.Assert.assertNotEqualsImpl(Assert.java:157)
at org.testng.Assert.assertNotEquals(Assert.java:2201)
at org.testng.Assert.assertNotEquals(Assert.java:2223)
at tests.RegisterTest.verifyPasswordFieldFollowsComplexityStandards(RegisterTest.java:209)
at java.base/jdk.internal.reflect.DirectMethodHandleAccessor.invoke(DirectMethodHandleAccessor.java:103)
at java.base/java.lang.reflect.Method.invoke(Method.java:580)
at org.testng.internal.invokers.MethodInvocationHelper.invokeMethod(MethodInvocationHelper.java:141)
at org.testng.internal.invokers.TestInvoker.invokeMethod(TestInvoker.java:686)
at org.testng.internal.invokers.TestInvoker.retryFailed(TestInvoker.java:269)
at org.testng.internal.invokers.MethodRunner.runInSequence(MethodRunner.java:76)
at org.testng.internal.invokers.TestInvoker$MethodInvocationAgent.invoke(TestInvoker.java:992)
at org.testng.internal.invokers.TestInvoker.invokeTestMethods(TestInvoker.java:203)
at org.testng.internal.invokers.TestMethodWorker.invokeTestMethods(TestMethodWorker.java:154)
at org.testng.internal.invokers.TestMethodWorker.run(TestMethodWorker.java:134)
at java.base/java.util.ArrayList.forEach(ArrayList.java:1596)
at org.testng.TestRunner.privateRun(TestRunner.java:739)
at org.testng.TestRunner.run(TestRunner.java:614)
at org.testng.SuiteRunner.runTest(SuiteRunner.java:421)
at org.testng.SuiteRunner$SuiteWorker.run(SuiteRunner.java:463)
at org.testng.internal.thread.ThreadUtil.lambda$execute$0(ThreadUtil.java:64)
at java.base/java.util.concurrent.FutureTask.run(FutureTask.java:317)
at java.base/java.util.concurrent.ThreadPoolExecutor.runWorker(ThreadPoolExecutor.java:1144)
at java.base/java.util.concurrent.ThreadPoolExecutor$Worker.run(ThreadPoolExecutor.java:642)
at java.base/java.lang.Thread.run(Thread.java:1583)
]]>
    </failure>
  </testcase> <!-- verifyPasswordFieldFollowsComplexityStandards -->
  <testcase classname="tests.RegisterTest" name="verifyPasswordFieldFollowsComplexityStandards" time="14.992">
    <skipped/>
  </testcase> <!-- verifyPasswordFieldFollowsComplexityStandards -->
  <testcase classname="tests.RegisterTest" name="verifyPasswordFieldFollowsComplexityStandards" time="18.196">
    <skipped/>
  </testcase> <!-- verifyPasswordFieldFollowsComplexityStandards -->
  <testcase classname="tests.RegisterTest" name="verifyPasswordFieldFollowsComplexityStandards" time="19.260">
    <skipped/>
  </testcase> <!-- verifyPasswordFieldFollowsComplexityStandards -->
  <testcase classname="tests.RegisterTest" name="verifyPasswordFieldFollowsComplexityStandards" time="19.081">
    <failure message="did not expect [Your Account Has Been Created!] but found [Your Account Has Been Created!]" type="java.lang.AssertionError">
      <![CDATA[java.lang.AssertionError: did not expect [Your Account Has Been Created!] but found [Your Account Has Been Created!]
at org.testng.Assert.fail(Assert.java:111)
at org.testng.Assert.failEquals(Assert.java:1582)
at org.testng.Assert.assertNotEqualsImpl(Assert.java:157)
at org.testng.Assert.assertNotEquals(Assert.java:2201)
at org.testng.Assert.assertNotEquals(Assert.java:2223)
at tests.RegisterTest.verifyPasswordFieldFollowsComplexityStandards(RegisterTest.java:209)
at java.base/jdk.internal.reflect.DirectMethodHandleAccessor.invoke(DirectMethodHandleAccessor.java:103)
at java.base/java.lang.reflect.Method.invoke(Method.java:580)
at org.testng.internal.invokers.MethodInvocationHelper.invokeMethod(MethodInvocationHelper.java:141)
at org.testng.internal.invokers.TestInvoker.invokeMethod(TestInvoker.java:686)
at org.testng.internal.invokers.TestInvoker.retryFailed(TestInvoker.java:269)
at org.testng.internal.invokers.MethodRunner.runInSequence(MethodRunner.java:76)
at org.testng.internal.invokers.TestInvoker$MethodInvocationAgent.invoke(TestInvoker.java:992)
at org.testng.internal.invokers.TestInvoker.invokeTestMethods(TestInvoker.java:203)
at org.testng.internal.invokers.TestMethodWorker.invokeTestMethods(TestMethodWorker.java:154)
at org.testng.internal.invokers.TestMethodWorker.run(TestMethodWorker.java:134)
at java.base/java.util.ArrayList.forEach(ArrayList.java:1596)
at org.testng.TestRunner.privateRun(TestRunner.java:739)
at org.testng.TestRunner.run(TestRunner.java:614)
at org.testng.SuiteRunner.runTest(SuiteRunner.java:421)
at org.testng.SuiteRunner$SuiteWorker.run(SuiteRunner.java:463)
at org.testng.internal.thread.ThreadUtil.lambda$execute$0(ThreadUtil.java:64)
at java.base/java.util.concurrent.FutureTask.run(FutureTask.java:317)
at java.base/java.util.concurrent.ThreadPoolExecutor.runWorker(ThreadPoolExecutor.java:1144)
at java.base/java.util.concurrent.ThreadPoolExecutor$Worker.run(ThreadPoolExecutor.java:642)
at java.base/java.lang.Thread.run(Thread.java:1583)
]]>
    </failure>
  </testcase> <!-- verifyPasswordFieldFollowsComplexityStandards -->
  <testcase classname="tests.RegisterTest" name="verifyPrivacyPolicyCheckboxNotCheckedByDefault" time="9.560"/>
  <testcase classname="tests.RegisterTest" name="verifyPrivacyPolicyCheckboxNotCheckedByDefault" time="14.281"/>
  <testcase classname="tests.RegisterTest" name="verifyPrivacyPolicyCheckboxNotCheckedByDefault" time="19.286"/>
  <testcase classname="tests.RegisterTest" name="verifyRegistrationWithoutSelectingPrivacyPolicy" time="18.596"/>
  <testcase classname="tests.RegisterTest" name="verifyRegistrationWithoutSelectingPrivacyPolicy" time="17.973"/>
  <testcase classname="tests.RegisterTest" name="verifyRegistrationWithoutSelectingPrivacyPolicy" time="10.821"/>
  <testcase classname="tests.RegisterTest" name="verifyPasswordAndConfirmPasswordAreHidden" time="13.418"/>
  <testcase classname="tests.RegisterTest" name="verifyPasswordAndConfirmPasswordAreHidden" time="14.157"/>
  <testcase classname="tests.RegisterTest" name="verifyPasswordAndConfirmPasswordAreHidden" time="15.348"/>
  <testcase classname="tests.RegisterTest" name="verifyRegistrationWithoutConfirmPasswordInput_Test" time="16.595"/>
  <testcase classname="tests.RegisterTest" name="verifyRegistrationWithoutConfirmPasswordInput_Test" time="17.967"/>
  <testcase classname="tests.RegisterTest" name="verifyRegistrationWithoutConfirmPasswordInput_Test" time="19.384"/>
  <testcase classname="tests.RegisterTest" name="verifyConfirmationEmailSentForSuccessfulRegistration" time="14.862">
    <error message="All mandatory fields must be provided." type="java.lang.IllegalArgumentException">
      <![CDATA[java.lang.IllegalArgumentException: All mandatory fields must be provided.
at pagesobjects.RegisterPage.registerAnAccount(RegisterPage.java:173)
at tests.RegisterTest.verifyConfirmationEmailSentForSuccessfulRegistration(RegisterTest.java:255)
at java.base/jdk.internal.reflect.DirectMethodHandleAccessor.invoke(DirectMethodHandleAccessor.java:103)
at java.base/java.lang.reflect.Method.invoke(Method.java:580)
at org.testng.internal.invokers.MethodInvocationHelper.invokeMethod(MethodInvocationHelper.java:141)
at org.testng.internal.invokers.TestInvoker.invokeMethod(TestInvoker.java:686)
at org.testng.internal.invokers.TestInvoker.retryFailed(TestInvoker.java:269)
at org.testng.internal.invokers.MethodRunner.runInSequence(MethodRunner.java:76)
at org.testng.internal.invokers.TestInvoker$MethodInvocationAgent.invoke(TestInvoker.java:992)
at org.testng.internal.invokers.TestInvoker.invokeTestMethods(TestInvoker.java:203)
at org.testng.internal.invokers.TestMethodWorker.invokeTestMethods(TestMethodWorker.java:154)
at org.testng.internal.invokers.TestMethodWorker.run(TestMethodWorker.java:134)
at java.base/java.util.ArrayList.forEach(ArrayList.java:1596)
at org.testng.TestRunner.privateRun(TestRunner.java:739)
at org.testng.TestRunner.run(TestRunner.java:614)
at org.testng.SuiteRunner.runTest(SuiteRunner.java:421)
at org.testng.SuiteRunner$SuiteWorker.run(SuiteRunner.java:463)
at org.testng.internal.thread.ThreadUtil.lambda$execute$0(ThreadUtil.java:64)
at java.base/java.util.concurrent.FutureTask.run(FutureTask.java:317)
at java.base/java.util.concurrent.ThreadPoolExecutor.runWorker(ThreadPoolExecutor.java:1144)
at java.base/java.util.concurrent.ThreadPoolExecutor$Worker.run(ThreadPoolExecutor.java:642)
at java.base/java.lang.Thread.run(Thread.java:1583)
]]>
    </error>
  </testcase> <!-- verifyConfirmationEmailSentForSuccessfulRegistration -->
  <testcase classname="tests.RegisterTest" name="verifyConfirmationEmailSentForSuccessfulRegistration" time="10.524">
    <skipped/>
  </testcase> <!-- verifyConfirmationEmailSentForSuccessfulRegistration -->
  <testcase classname="tests.RegisterTest" name="verifyConfirmationEmailSentForSuccessfulRegistration" time="18.895">
    <skipped/>
  </testcase> <!-- verifyConfirmationEmailSentForSuccessfulRegistration -->
  <testcase classname="tests.RegisterTest" name="verifyConfirmationEmailSentForSuccessfulRegistration" time="17.882">
    <error message="All mandatory fields must be provided." type="java.lang.IllegalArgumentException">
      <![CDATA[java.lang.IllegalArgumentException: All mandatory fields must be provided.
at pagesobjects.RegisterPage.registerAnAccount(RegisterPage.java:173)
at tests.RegisterTest.verifyConfirmationEmailSentForSuccessfulRegistration(RegisterTest.java:255)
at java.base/jdk.internal.reflect.DirectMethodHandleAccessor.invoke(DirectMethodHandleAccessor.java:103)
at java.base/java.lang.reflect.Method.invoke(Method.java:580)
at org.testng.internal.invokers.MethodInvocationHelper.invokeMethod(MethodInvocationHelper.java:141)
at org.testng.internal.invokers.TestInvoker.invokeMethod(TestInvoker.java:686)
at org.testng.internal.invokers.TestInvoker.retryFailed(TestInvoker.java:269)
at org.testng.internal.invokers.MethodRunner.runInSequence(MethodRunner.java:76)
at org.testng.internal.invokers.TestInvoker$MethodInvocationAgent.invoke(TestInvoker.java:992)
at org.testng.internal.invokers.TestInvoker.invokeTestMethods(TestInvoker.java:203)
at org.testng.internal.invokers.TestMethodWorker.invokeTestMethods(TestMethodWorker.java:154)
at org.testng.internal.invokers.TestMethodWorker.run(TestMethodWorker.java:134)
at java.base/java.util.ArrayList.forEach(ArrayList.java:1596)
at org.testng.TestRunner.privateRun(TestRunner.java:739)
at org.testng.TestRunner.run(TestRunner.java:614)
at org.testng.SuiteRunner.runTest(SuiteRunner.java:421)
at org.testng.SuiteRunner$SuiteWorker.run(SuiteRunner.java:463)
at org.testng.internal.thread.ThreadUtil.lambda$execute$0(ThreadUtil.java:64)
at java.base/java.util.concurrent.FutureTask.run(FutureTask.java:317)
at java.base/java.util.concurrent.ThreadPoolExecutor.runWorker(ThreadPoolExecutor.java:1144)
at java.base/java.util.concurrent.ThreadPoolExecutor$Worker.run(ThreadPoolExecutor.java:642)
at java.base/java.lang.Thread.run(Thread.java:1583)
]]>
    </error>
  </testcase> <!-- verifyConfirmationEmailSentForSuccessfulRegistration -->
  <testcase classname="tests.RegisterTest" name="verifyConfirmationEmailSentForSuccessfulRegistration" time="11.580">
    <error message="All mandatory fields must be provided." type="java.lang.IllegalArgumentException">
      <![CDATA[java.lang.IllegalArgumentException: All mandatory fields must be provided.
at pagesobjects.RegisterPage.registerAnAccount(RegisterPage.java:173)
at tests.RegisterTest.verifyConfirmationEmailSentForSuccessfulRegistration(RegisterTest.java:255)
at java.base/jdk.internal.reflect.DirectMethodHandleAccessor.invoke(DirectMethodHandleAccessor.java:103)
at java.base/java.lang.reflect.Method.invoke(Method.java:580)
at org.testng.internal.invokers.MethodInvocationHelper.invokeMethod(MethodInvocationHelper.java:141)
at org.testng.internal.invokers.TestInvoker.invokeMethod(TestInvoker.java:686)
at org.testng.internal.invokers.TestInvoker.retryFailed(TestInvoker.java:269)
at org.testng.internal.invokers.MethodRunner.runInSequence(MethodRunner.java:76)
at org.testng.internal.invokers.TestInvoker$MethodInvocationAgent.invoke(TestInvoker.java:992)
at org.testng.internal.invokers.TestInvoker.invokeTestMethods(TestInvoker.java:203)
at org.testng.internal.invokers.TestMethodWorker.invokeTestMethods(TestMethodWorker.java:154)
at org.testng.internal.invokers.TestMethodWorker.run(TestMethodWorker.java:134)
at java.base/java.util.ArrayList.forEach(ArrayList.java:1596)
at org.testng.TestRunner.privateRun(TestRunner.java:739)
at org.testng.TestRunner.run(TestRunner.java:614)
at org.testng.SuiteRunner.runTest(SuiteRunner.java:421)
at org.testng.SuiteRunner$SuiteWorker.run(SuiteRunner.java:463)
at org.testng.internal.thread.ThreadUtil.lambda$execute$0(ThreadUtil.java:64)
at java.base/java.util.concurrent.FutureTask.run(FutureTask.java:317)
at java.base/java.util.concurrent.ThreadPoolExecutor.runWorker(ThreadPoolExecutor.java:1144)
at java.base/java.util.concurrent.ThreadPoolExecutor$Worker.run(ThreadPoolExecutor.java:642)
at java.base/java.lang.Thread.run(Thread.java:1583)
]]>
    </error>
  </testcase> <!-- verifyConfirmationEmailSentForSuccessfulRegistration -->
  <testcase classname="tests.RegisterTest" name="verifyConfirmationEmailSentForSuccessfulRegistration" time="11.659">
    <skipped/>
  </testcase> <!-- verifyConfirmationEmailSentForSuccessfulRegistration -->
</testsuite> <!-- tests.RegisterTest -->
